# JRE version: Java(TM) SE Runtime Environment (8.0_77-b03) (build 1.8.0_77-b03)
# Java VM: Java HotSpot(TM) Client VM (25.77-b03 mixed mode, sharing windows-x86 )
Heap:
 def new generation   total 13952K, used 8709K [0x03a00000, 0x04920000, 0x08f50000)
  eden space 12416K,  58% used [0x03a00000, 0x0411e130, 0x04620000)
  from space 1536K,  92% used [0x04620000, 0x04783688, 0x047a0000)
  to   space 1536K,   0% used [0x047a0000, 0x047a0000, 0x04920000)
 tenured generation   total 30944K, used 19092K [0x08f50000, 0x0ad88000, 0x13a00000)
   the space 30944K,  61% used [0x08f50000, 0x0a1f5200, 0x0a1f5200, 0x0ad88000)
 Metaspace       used 3141K, capacity 4616K, committed 4736K, reserved 5504K
GC Heap History (10 events):
Event: 12.534 GC heap before
{Heap before GC invocations=16 (full 3):
 def new generation   total 13952K, used 13667K [0x03a00000, 0x04920000, 0x08f50000)
  eden space 12416K, 100% used [0x03a00000, 0x04620000, 0x04620000)
  from space 1536K,  81% used [0x047a0000, 0x048d8c30, 0x04920000)
  to   space 1536K,   0% used [0x04620000, 0x04620000, 0x047a0000)
 tenured generation   total 30944K, used 17206K [0x08f50000, 0x0ad88000, 0x13a00000)
   the space 30944K,  55% used [0x08f50000, 0x0a01db28, 0x0a01dc00, 0x0ad88000)
 Metaspace       used 3037K, capacity 4507K, committed 4608K, reserved 5504K
Event: 12.540 GC heap after
Heap after GC invocations=17 (full 3):
 def new generation   total 13952K, used 775K [0x03a00000, 0x04920000, 0x08f50000)
  eden space 12416K,   0% used [0x03a00000, 0x03a00000, 0x04620000)
  from space 1536K,  50% used [0x04620000, 0x046e1da8, 0x047a0000)
  to   space 1536K,   0% used [0x047a0000, 0x047a0000, 0x04920000)
 tenured generation   total 30944K, used 18043K [0x08f50000, 0x0ad88000, 0x13a00000)
   the space 30944K,  58% used [0x08f50000, 0x0a0eec50, 0x0a0eee00, 0x0ad88000)
 Metaspace       used 3037K, capacity 4507K, committed 4608K, reserved 5504K
}
Event: 12.922 GC heap before
{Heap before GC invocations=17 (full 3):
 def new generation   total 13952K, used 13191K [0x03a00000, 0x04920000, 0x08f50000)
  eden space 12416K, 100% used [0x03a00000, 0x04620000, 0x04620000)
  from space 1536K,  50% used [0x04620000, 0x046e1da8, 0x047a0000)
  to   space 1536K,   0% used [0x047a0000, 0x047a0000, 0x04920000)
 tenured generation   total 30944K, used 18043K [0x08f50000, 0x0ad88000, 0x13a00000)
   the space 30944K,  58% used [0x08f50000, 0x0a0eec50, 0x0a0eee00, 0x0ad88000)
 Metaspace       used 3037K, capacity 4507K, committed 4608K, reserved 5504K
Event: 12.927 GC heap after
Heap after GC invocations=18 (full 3):
 def new generation   total 13952K, used 1500K [0x03a00000, 0x04920000, 0x08f50000)
  eden space 12416K,   0% used [0x03a00000, 0x03a00000, 0x04620000)
  from space 1536K,  97% used [0x047a0000, 0x04917108, 0x04920000)
  to   space 1536K,   0% used [0x04620000, 0x04620000, 0x047a0000)
 tenured generation   total 30944K, used 18128K [0x08f50000, 0x0ad88000, 0x13a00000)
   the space 30944K,  58% used [0x08f50000, 0x0a1042e8, 0x0a104400, 0x0ad88000)
 Metaspace       used 3037K, capacity 4507K, committed 4608K, reserved 5504K
}
Event: 16.745 GC heap before
{Heap before GC invocations=18 (full 3):
 def new generation   total 13952K, used 13900K [0x03a00000, 0x04920000, 0x08f50000)
  eden space 12416K,  99% used [0x03a00000, 0x0461c160, 0x04620000)
  from space 1536K,  97% used [0x047a0000, 0x04917108, 0x04920000)
  to   space 1536K,   0% used [0x04620000, 0x04620000, 0x047a0000)
 tenured generation   total 30944K, used 18128K [0x08f50000, 0x0ad88000, 0x13a00000)
   the space 30944K,  58% used [0x08f50000, 0x0a1042e8, 0x0a104400, 0x0ad88000)
 Metaspace       used 3037K, capacity 4507K, committed 4608K, reserved 5504K
Event: 16.746 GC heap after
Heap after GC invocations=19 (full 3):
 def new generation   total 13952K, used 561K [0x03a00000, 0x04920000, 0x08f50000)
  eden space 12416K,   0% used [0x03a00000, 0x03a00000, 0x04620000)
  from space 1536K,  36% used [0x04620000, 0x046ac438, 0x047a0000)
  to   space 1536K,   0% used [0x047a0000, 0x047a0000, 0x04920000)
 tenured generation   total 30944K, used 18368K [0x08f50000, 0x0ad88000, 0x13a00000)
   the space 30944K,  59% used [0x08f50000, 0x0a140028, 0x0a140200, 0x0ad88000)
 Metaspace       used 3037K, capacity 4507K, committed 4608K, reserved 5504K
}
Event: 16.873 GC heap before
{Heap before GC invocations=19 (full 3):
 def new generation   total 13952K, used 12977K [0x03a00000, 0x04920000, 0x08f50000)
  eden space 12416K, 100% used [0x03a00000, 0x04620000, 0x04620000)
  from space 1536K,  36% used [0x04620000, 0x046ac438, 0x047a0000)
  to   space 1536K,   0% used [0x047a0000, 0x047a0000, 0x04920000)
 tenured generation   total 30944K, used 18368K [0x08f50000, 0x0ad88000, 0x13a00000)
   the space 30944K,  59% used [0x08f50000, 0x0a140028, 0x0a140200, 0x0ad88000)
 Metaspace       used 3037K, capacity 4507K, committed 4608K, reserved 5504K
Event: 16.878 GC heap after
Heap after GC invocations=20 (full 3):
 def new generation   total 13952K, used 1536K [0x03a00000, 0x04920000, 0x08f50000)
  eden space 12416K,   0% used [0x03a00000, 0x03a00000, 0x04620000)
  from space 1536K, 100% used [0x047a0000, 0x04920000, 0x04920000)
  to   space 1536K,   0% used [0x04620000, 0x04620000, 0x047a0000)
 tenured generation   total 30944K, used 18777K [0x08f50000, 0x0ad88000, 0x13a00000)
   the space 30944K,  60% used [0x08f50000, 0x0a1a66d0, 0x0a1a6800, 0x0ad88000)
 Metaspace       used 3037K, capacity 4507K, committed 4608K, reserved 5504K
}
Event: 18.373 GC heap before
{Heap before GC invocations=20 (full 3):
 def new generation   total 13952K, used 13952K [0x03a00000, 0x04920000, 0x08f50000)
  eden space 12416K, 100% used [0x03a00000, 0x04620000, 0x04620000)
  from space 1536K, 100% used [0x047a0000, 0x04920000, 0x04920000)
  to   space 1536K,   0% used [0x04620000, 0x04620000, 0x047a0000)
 tenured generation   total 30944K, used 18777K [0x08f50000, 0x0ad88000, 0x13a00000)
   the space 30944K,  60% used [0x08f50000, 0x0a1a66d0, 0x0a1a6800, 0x0ad88000)
 Metaspace       used 3102K, capacity 4571K, committed 4608K, reserved 5504K
Event: 18.378 GC heap after
Heap after GC invocations=21 (full 3):
 def new generation   total 13952K, used 1421K [0x03a00000, 0x04920000, 0x08f50000)
  eden space 12416K,   0% used [0x03a00000, 0x03a00000, 0x04620000)
  from space 1536K,  92% used [0x04620000, 0x04783688, 0x047a0000)
  to   space 1536K,   0% used [0x047a0000, 0x047a0000, 0x04920000)
 tenured generation   total 30944K, used 19092K [0x08f50000, 0x0ad88000, 0x13a00000)
   the space 30944K,  61% used [0x08f50000, 0x0a1f5200, 0x0a1f5200, 0x0ad88000)
 Metaspace       used 3102K, capacity 4571K, committed 4608K, reserved 5504K
}

