# JRE version: Java(TM) SE Runtime Environment (8.0_77-b03) (build 1.8.0_77-b03)
# Java VM: Java HotSpot(TM) Client VM (25.77-b03 mixed mode, sharing windows-x86 )
Heap:
 def new generation   total 21312K, used 2980K [0x03800000, 0x04f20000, 0x08d50000)
  eden space 18944K,  12% used [0x03800000, 0x03a3dc10, 0x04a80000)
  from space 2368K,  28% used [0x04a80000, 0x04b2b610, 0x04cd0000)
  to   space 2368K,   0% used [0x04cd0000, 0x04cd0000, 0x04f20000)
 tenured generation   total 47324K, used 29321K [0x08d50000, 0x0bb87000, 0x13800000)
   the space 47324K,  61% used [0x08d50000, 0x0a9f27d8, 0x0a9f2800, 0x0bb87000)
 Metaspace       used 3832K, capacity 4672K, committed 4736K, reserved 5504K
GC Heap History (10 events):
Event: 74.988 GC heap before
{Heap before GC invocations=23 (full 3):
 def new generation   total 13568K, used 12684K [0x03800000, 0x046b0000, 0x08d50000)
  eden space 12096K, 100% used [0x03800000, 0x043d0000, 0x043d0000)
  from space 1472K,  39% used [0x043d0000, 0x04463190, 0x04540000)
  to   space 1472K,   0% used [0x04540000, 0x04540000, 0x046b0000)
 tenured generation   total 30000K, used 22608K [0x08d50000, 0x0aa9c000, 0x13800000)
   the space 30000K,  75% used [0x08d50000, 0x0a3643e8, 0x0a364400, 0x0aa9c000)
 Metaspace       used 3147K, capacity 4593K, committed 4608K, reserved 5504K
Event: 74.998 GC heap after
Heap after GC invocations=24 (full 3):
 def new generation   total 13568K, used 1472K [0x03800000, 0x046b0000, 0x08d50000)
  eden space 12096K,   0% used [0x03800000, 0x03800000, 0x043d0000)
  from space 1472K, 100% used [0x04540000, 0x046b0000, 0x046b0000)
  to   space 1472K,   0% used [0x043d0000, 0x043d0000, 0x04540000)
 tenured generation   total 30000K, used 24729K [0x08d50000, 0x0aa9c000, 0x13800000)
   the space 30000K,  82% used [0x08d50000, 0x0a576418, 0x0a576600, 0x0aa9c000)
 Metaspace       used 3147K, capacity 4593K, committed 4608K, reserved 5504K
}
Event: 75.912 GC heap before
{Heap before GC invocations=24 (full 3):
 def new generation   total 13568K, used 13568K [0x03800000, 0x046b0000, 0x08d50000)
  eden space 12096K, 100% used [0x03800000, 0x043d0000, 0x043d0000)
  from space 1472K, 100% used [0x04540000, 0x046b0000, 0x046b0000)
  to   space 1472K,   0% used [0x043d0000, 0x043d0000, 0x04540000)
 tenured generation   total 30000K, used 24729K [0x08d50000, 0x0aa9c000, 0x13800000)
   the space 30000K,  82% used [0x08d50000, 0x0a576418, 0x0a576600, 0x0aa9c000)
 Metaspace       used 3744K, capacity 4625K, committed 4736K, reserved 5504K
Event: 75.926 GC heap after
Heap after GC invocations=25 (full 3):
 def new generation   total 13568K, used 1472K [0x03800000, 0x046b0000, 0x08d50000)
  eden space 12096K,   0% used [0x03800000, 0x03800000, 0x043d0000)
  from space 1472K, 100% used [0x043d0000, 0x04540000, 0x04540000)
  to   space 1472K,   0% used [0x04540000, 0x04540000, 0x046b0000)
 tenured generation   total 30000K, used 26672K [0x08d50000, 0x0aa9c000, 0x13800000)
   the space 30000K,  88% used [0x08d50000, 0x0a75c118, 0x0a75c200, 0x0aa9c000)
 Metaspace       used 3744K, capacity 4625K, committed 4736K, reserved 5504K
}
Event: 76.399 GC heap before
{Heap before GC invocations=25 (full 3):
 def new generation   total 13568K, used 13568K [0x03800000, 0x046b0000, 0x08d50000)
  eden space 12096K, 100% used [0x03800000, 0x043d0000, 0x043d0000)
  from space 1472K, 100% used [0x043d0000, 0x04540000, 0x04540000)
  to   space 1472K,   0% used [0x04540000, 0x04540000, 0x046b0000)
 tenured generation   total 30000K, used 26672K [0x08d50000, 0x0aa9c000, 0x13800000)
   the space 30000K,  88% used [0x08d50000, 0x0a75c118, 0x0a75c200, 0x0aa9c000)
 Metaspace       used 3795K, capacity 4625K, committed 4736K, reserved 5504K
Event: 76.548 GC heap after
Heap after GC invocations=26 (full 4):
 def new generation   total 21312K, used 0K [0x03800000, 0x04f20000, 0x08d50000)
  eden space 18944K,   0% used [0x03800000, 0x03800000, 0x04a80000)
  from space 2368K,   0% used [0x04a80000, 0x04a80000, 0x04cd0000)
  to   space 2368K,   0% used [0x04cd0000, 0x04cd0000, 0x04f20000)
 tenured generation   total 47324K, used 28392K [0x08d50000, 0x0bb87000, 0x13800000)
   the space 47324K,  59% used [0x08d50000, 0x0a90a3d8, 0x0a90a400, 0x0bb87000)
 Metaspace       used 3795K, capacity 4625K, committed 4736K, reserved 5504K
}
Event: 76.679 GC heap before
{Heap before GC invocations=26 (full 4):
 def new generation   total 21312K, used 18944K [0x03800000, 0x04f20000, 0x08d50000)
  eden space 18944K, 100% used [0x03800000, 0x04a80000, 0x04a80000)
  from space 2368K,   0% used [0x04a80000, 0x04a80000, 0x04cd0000)
  to   space 2368K,   0% used [0x04cd0000, 0x04cd0000, 0x04f20000)
 tenured generation   total 47324K, used 28392K [0x08d50000, 0x0bb87000, 0x13800000)
   the space 47324K,  59% used [0x08d50000, 0x0a90a3d8, 0x0a90a400, 0x0bb87000)
 Metaspace       used 3796K, capacity 4625K, committed 4736K, reserved 5504K
Event: 76.689 GC heap after
Heap after GC invocations=27 (full 4):
 def new generation   total 21312K, used 1872K [0x03800000, 0x04f20000, 0x08d50000)
  eden space 18944K,   0% used [0x03800000, 0x03800000, 0x04a80000)
  from space 2368K,  79% used [0x04cd0000, 0x04ea4278, 0x04f20000)
  to   space 2368K,   0% used [0x04a80000, 0x04a80000, 0x04cd0000)
 tenured generation   total 47324K, used 28392K [0x08d50000, 0x0bb87000, 0x13800000)
   the space 47324K,  59% used [0x08d50000, 0x0a90a3d8, 0x0a90a400, 0x0bb87000)
 Metaspace       used 3796K, capacity 4625K, committed 4736K, reserved 5504K
}
Event: 76.786 GC heap before
{Heap before GC invocations=27 (full 4):
 def new generation   total 21312K, used 20808K [0x03800000, 0x04f20000, 0x08d50000)
  eden space 18944K,  99% used [0x03800000, 0x04a7ddd0, 0x04a80000)
  from space 2368K,  79% used [0x04cd0000, 0x04ea4278, 0x04f20000)
  to   space 2368K,   0% used [0x04a80000, 0x04a80000, 0x04cd0000)
 tenured generation   total 47324K, used 28392K [0x08d50000, 0x0bb87000, 0x13800000)
   the space 47324K,  59% used [0x08d50000, 0x0a90a3d8, 0x0a90a400, 0x0bb87000)
 Metaspace       used 3796K, capacity 4625K, committed 4736K, reserved 5504K
Event: 76.793 GC heap after
Heap after GC invocations=28 (full 4):
 def new generation   total 21312K, used 685K [0x03800000, 0x04f20000, 0x08d50000)
  eden space 18944K,   0% used [0x03800000, 0x03800000, 0x04a80000)
  from space 2368K,  28% used [0x04a80000, 0x04b2b610, 0x04cd0000)
  to   space 2368K,   0% used [0x04cd0000, 0x04cd0000, 0x04f20000)
 tenured generation   total 47324K, used 29321K [0x08d50000, 0x0bb87000, 0x13800000)
   the space 47324K,  61% used [0x08d50000, 0x0a9f27d8, 0x0a9f2800, 0x0bb87000)
 Metaspace       used 3796K, capacity 4625K, committed 4736K, reserved 5504K
}

