# JRE version: Java(TM) SE Runtime Environment (8.0_77-b03) (build 1.8.0_77-b03)
# Java VM: Java HotSpot(TM) Client VM (25.77-b03 mixed mode windows-x86 )
Heap:
 def new generation   total 21312K, used 1616K [0x03e00000, 0x05520000, 0x09350000)
  eden space 18944K,   6% used [0x03e00000, 0x03f206c0, 0x05080000)
  from space 2368K,  19% used [0x05080000, 0x050f3ac8, 0x052d0000)
  to   space 2368K,   0% used [0x052d0000, 0x052d0000, 0x05520000)
 tenured generation   total 47320K, used 28977K [0x09350000, 0x0c186000, 0x13e00000)
   the space 47320K,  61% used [0x09350000, 0x0af9c6c8, 0x0af9c800, 0x0c186000)
 Metaspace       used 7950K, capacity 8144K, committed 8320K, reserved 8576K
GC Heap History (10 events):
Event: 16.824 GC heap before
{Heap before GC invocations=23 (full 3):
 def new generation   total 13632K, used 12310K [0x03e00000, 0x04cc0000, 0x09350000)
  eden space 12160K, 100% used [0x03e00000, 0x049e0000, 0x049e0000)
  from space 1472K,  10% used [0x049e0000, 0x04a05998, 0x04b50000)
  to   space 1472K,   0% used [0x04b50000, 0x04b50000, 0x04cc0000)
 tenured generation   total 30076K, used 21914K [0x09350000, 0x0b0af000, 0x13e00000)
   the space 30076K,  72% used [0x09350000, 0x0a8b6b90, 0x0a8b6c00, 0x0b0af000)
 Metaspace       used 7234K, capacity 7395K, committed 7552K, reserved 7552K
Event: 16.837 GC heap after
Heap after GC invocations=24 (full 3):
 def new generation   total 13632K, used 1472K [0x03e00000, 0x04cc0000, 0x09350000)
  eden space 12160K,   0% used [0x03e00000, 0x03e00000, 0x049e0000)
  from space 1472K, 100% used [0x04b50000, 0x04cc0000, 0x04cc0000)
  to   space 1472K,   0% used [0x049e0000, 0x049e0000, 0x04b50000)
 tenured generation   total 30076K, used 23560K [0x09350000, 0x0b0af000, 0x13e00000)
   the space 30076K,  78% used [0x09350000, 0x0aa52068, 0x0aa52200, 0x0b0af000)
 Metaspace       used 7234K, capacity 7395K, committed 7552K, reserved 7552K
}
Event: 17.167 GC heap before
{Heap before GC invocations=24 (full 3):
 def new generation   total 13632K, used 13632K [0x03e00000, 0x04cc0000, 0x09350000)
  eden space 12160K, 100% used [0x03e00000, 0x049e0000, 0x049e0000)
  from space 1472K, 100% used [0x04b50000, 0x04cc0000, 0x04cc0000)
  to   space 1472K,   0% used [0x049e0000, 0x049e0000, 0x04b50000)
 tenured generation   total 30076K, used 23560K [0x09350000, 0x0b0af000, 0x13e00000)
   the space 30076K,  78% used [0x09350000, 0x0aa52068, 0x0aa52200, 0x0b0af000)
 Metaspace       used 7859K, capacity 8035K, committed 8192K, reserved 8576K
Event: 17.179 GC heap after
Heap after GC invocations=25 (full 3):
 def new generation   total 13632K, used 1472K [0x03e00000, 0x04cc0000, 0x09350000)
  eden space 12160K,   0% used [0x03e00000, 0x03e00000, 0x049e0000)
  from space 1472K, 100% used [0x049e0000, 0x04b50000, 0x04b50000)
  to   space 1472K,   0% used [0x04b50000, 0x04b50000, 0x04cc0000)
 tenured generation   total 30076K, used 26381K [0x09350000, 0x0b0af000, 0x13e00000)
   the space 30076K,  87% used [0x09350000, 0x0ad13420, 0x0ad13600, 0x0b0af000)
 Metaspace       used 7859K, capacity 8035K, committed 8192K, reserved 8576K
}
Event: 17.352 GC heap before
{Heap before GC invocations=25 (full 3):
 def new generation   total 13632K, used 13632K [0x03e00000, 0x04cc0000, 0x09350000)
  eden space 12160K, 100% used [0x03e00000, 0x049e0000, 0x049e0000)
  from space 1472K, 100% used [0x049e0000, 0x04b50000, 0x04b50000)
  to   space 1472K,   0% used [0x04b50000, 0x04b50000, 0x04cc0000)
 tenured generation   total 30076K, used 26381K [0x09350000, 0x0b0af000, 0x13e00000)
   the space 30076K,  87% used [0x09350000, 0x0ad13420, 0x0ad13600, 0x0b0af000)
 Metaspace       used 7915K, capacity 8067K, committed 8192K, reserved 8576K
Event: 17.513 GC heap after
Heap after GC invocations=26 (full 4):
 def new generation   total 21312K, used 0K [0x03e00000, 0x05520000, 0x09350000)
  eden space 18944K,   0% used [0x03e00000, 0x03e00000, 0x05080000)
  from space 2368K,   0% used [0x05080000, 0x05080000, 0x052d0000)
  to   space 2368K,   0% used [0x052d0000, 0x052d0000, 0x05520000)
 tenured generation   total 47320K, used 28391K [0x09350000, 0x0c186000, 0x13e00000)
   the space 47320K,  59% used [0x09350000, 0x0af09e80, 0x0af0a000, 0x0c186000)
 Metaspace       used 7915K, capacity 8067K, committed 8192K, reserved 8576K
}
Event: 17.656 GC heap before
{Heap before GC invocations=26 (full 4):
 def new generation   total 21312K, used 18944K [0x03e00000, 0x05520000, 0x09350000)
  eden space 18944K, 100% used [0x03e00000, 0x05080000, 0x05080000)
  from space 2368K,   0% used [0x05080000, 0x05080000, 0x052d0000)
  to   space 2368K,   0% used [0x052d0000, 0x052d0000, 0x05520000)
 tenured generation   total 47320K, used 28391K [0x09350000, 0x0c186000, 0x13e00000)
   the space 47320K,  59% used [0x09350000, 0x0af09e80, 0x0af0a000, 0x0c186000)
 Metaspace       used 7916K, capacity 8067K, committed 8192K, reserved 8576K
Event: 17.667 GC heap after
Heap after GC invocations=27 (full 4):
 def new generation   total 21312K, used 1490K [0x03e00000, 0x05520000, 0x09350000)
  eden space 18944K,   0% used [0x03e00000, 0x03e00000, 0x05080000)
  from space 2368K,  62% used [0x052d0000, 0x05444a40, 0x05520000)
  to   space 2368K,   0% used [0x05080000, 0x05080000, 0x052d0000)
 tenured generation   total 47320K, used 28391K [0x09350000, 0x0c186000, 0x13e00000)
   the space 47320K,  59% used [0x09350000, 0x0af09e80, 0x0af0a000, 0x0c186000)
 Metaspace       used 7916K, capacity 8067K, committed 8192K, reserved 8576K
}
Event: 17.765 GC heap before
{Heap before GC invocations=27 (full 4):
 def new generation   total 21312K, used 20434K [0x03e00000, 0x05520000, 0x09350000)
  eden space 18944K, 100% used [0x03e00000, 0x05080000, 0x05080000)
  from space 2368K,  62% used [0x052d0000, 0x05444a40, 0x05520000)
  to   space 2368K,   0% used [0x05080000, 0x05080000, 0x052d0000)
 tenured generation   total 47320K, used 28391K [0x09350000, 0x0c186000, 0x13e00000)
   the space 47320K,  59% used [0x09350000, 0x0af09e80, 0x0af0a000, 0x0c186000)
 Metaspace       used 7916K, capacity 8067K, committed 8192K, reserved 8576K
Event: 17.773 GC heap after
Heap after GC invocations=28 (full 4):
 def new generation   total 21312K, used 462K [0x03e00000, 0x05520000, 0x09350000)
  eden space 18944K,   0% used [0x03e00000, 0x03e00000, 0x05080000)
  from space 2368K,  19% used [0x05080000, 0x050f3ac8, 0x052d0000)
  to   space 2368K,   0% used [0x052d0000, 0x052d0000, 0x05520000)
 tenured generation   total 47320K, used 28977K [0x09350000, 0x0c186000, 0x13e00000)
   the space 47320K,  61% used [0x09350000, 0x0af9c6c8, 0x0af9c800, 0x0c186000)
 Metaspace       used 7916K, capacity 8067K, committed 8192K, reserved 8576K
}

