# JRE version: Java(TM) SE Runtime Environment (8.0_77-b03) (build 1.8.0_77-b03)
# Java VM: Java HotSpot(TM) Client VM (25.77-b03 mixed mode, sharing windows-x86 )
Heap:
 def new generation   total 21376K, used 5059K [0x03a00000, 0x05130000, 0x08f50000)
  eden space 19008K,  24% used [0x03a00000, 0x03e7dc88, 0x04c90000)
  from space 2368K,  19% used [0x04c90000, 0x04d03340, 0x04ee0000)
  to   space 2368K,   0% used [0x04ee0000, 0x04ee0000, 0x05130000)
 tenured generation   total 47452K, used 29328K [0x08f50000, 0x0bda7000, 0x13a00000)
   the space 47452K,  61% used [0x08f50000, 0x0abf4268, 0x0abf4400, 0x0bda7000)
 Metaspace       used 3833K, capacity 4675K, committed 4736K, reserved 5504K
GC Heap History (10 events):
Event: 174.581 GC heap before
{Heap before GC invocations=23 (full 3):
 def new generation   total 13568K, used 12612K [0x03a00000, 0x048b0000, 0x08f50000)
  eden space 12096K, 100% used [0x03a00000, 0x045d0000, 0x045d0000)
  from space 1472K,  35% used [0x045d0000, 0x046513d8, 0x04740000)
  to   space 1472K,   0% used [0x04740000, 0x04740000, 0x048b0000)
 tenured generation   total 30008K, used 22669K [0x08f50000, 0x0ac9e000, 0x13a00000)
   the space 30008K,  75% used [0x08f50000, 0x0a573780, 0x0a573800, 0x0ac9e000)
 Metaspace       used 3147K, capacity 4593K, committed 4608K, reserved 5504K
Event: 174.591 GC heap after
Heap after GC invocations=24 (full 3):
 def new generation   total 13568K, used 1472K [0x03a00000, 0x048b0000, 0x08f50000)
  eden space 12096K,   0% used [0x03a00000, 0x03a00000, 0x045d0000)
  from space 1472K, 100% used [0x04740000, 0x048b0000, 0x048b0000)
  to   space 1472K,   0% used [0x045d0000, 0x045d0000, 0x04740000)
 tenured generation   total 30008K, used 24721K [0x08f50000, 0x0ac9e000, 0x13a00000)
   the space 30008K,  82% used [0x08f50000, 0x0a7744d0, 0x0a774600, 0x0ac9e000)
 Metaspace       used 3147K, capacity 4593K, committed 4608K, reserved 5504K
}
Event: 186.450 GC heap before
{Heap before GC invocations=24 (full 3):
 def new generation   total 13568K, used 13568K [0x03a00000, 0x048b0000, 0x08f50000)
  eden space 12096K, 100% used [0x03a00000, 0x045d0000, 0x045d0000)
  from space 1472K, 100% used [0x04740000, 0x048b0000, 0x048b0000)
  to   space 1472K,   0% used [0x045d0000, 0x045d0000, 0x04740000)
 tenured generation   total 30008K, used 24721K [0x08f50000, 0x0ac9e000, 0x13a00000)
   the space 30008K,  82% used [0x08f50000, 0x0a7744d0, 0x0a774600, 0x0ac9e000)
 Metaspace       used 3744K, capacity 4625K, committed 4736K, reserved 5504K
Event: 186.463 GC heap after
Heap after GC invocations=25 (full 3):
 def new generation   total 13568K, used 1472K [0x03a00000, 0x048b0000, 0x08f50000)
  eden space 12096K,   0% used [0x03a00000, 0x03a00000, 0x045d0000)
  from space 1472K, 100% used [0x045d0000, 0x04740000, 0x04740000)
  to   space 1472K,   0% used [0x04740000, 0x04740000, 0x048b0000)
 tenured generation   total 30008K, used 26749K [0x08f50000, 0x0ac9e000, 0x13a00000)
   the space 30008K,  89% used [0x08f50000, 0x0a96f4d0, 0x0a96f600, 0x0ac9e000)
 Metaspace       used 3744K, capacity 4625K, committed 4736K, reserved 5504K
}
Event: 189.052 GC heap before
{Heap before GC invocations=25 (full 3):
 def new generation   total 13568K, used 13568K [0x03a00000, 0x048b0000, 0x08f50000)
  eden space 12096K, 100% used [0x03a00000, 0x045d0000, 0x045d0000)
  from space 1472K, 100% used [0x045d0000, 0x04740000, 0x04740000)
  to   space 1472K,   0% used [0x04740000, 0x04740000, 0x048b0000)
 tenured generation   total 30008K, used 26749K [0x08f50000, 0x0ac9e000, 0x13a00000)
   the space 30008K,  89% used [0x08f50000, 0x0a96f4d0, 0x0a96f600, 0x0ac9e000)
 Metaspace       used 3795K, capacity 4625K, committed 4736K, reserved 5504K
Event: 189.213 GC heap after
Heap after GC invocations=26 (full 4):
 def new generation   total 21376K, used 0K [0x03a00000, 0x05130000, 0x08f50000)
  eden space 19008K,   0% used [0x03a00000, 0x03a00000, 0x04c90000)
  from space 2368K,   0% used [0x04c90000, 0x04c90000, 0x04ee0000)
  to   space 2368K,   0% used [0x04ee0000, 0x04ee0000, 0x05130000)
 tenured generation   total 47452K, used 28469K [0x08f50000, 0x0bda7000, 0x13a00000)
   the space 47452K,  59% used [0x08f50000, 0x0ab1d658, 0x0ab1d800, 0x0bda7000)
 Metaspace       used 3795K, capacity 4625K, committed 4736K, reserved 5504K
}
Event: 189.460 GC heap before
{Heap before GC invocations=26 (full 4):
 def new generation   total 21376K, used 19008K [0x03a00000, 0x05130000, 0x08f50000)
  eden space 19008K, 100% used [0x03a00000, 0x04c90000, 0x04c90000)
  from space 2368K,   0% used [0x04c90000, 0x04c90000, 0x04ee0000)
  to   space 2368K,   0% used [0x04ee0000, 0x04ee0000, 0x05130000)
 tenured generation   total 47452K, used 28469K [0x08f50000, 0x0bda7000, 0x13a00000)
   the space 47452K,  59% used [0x08f50000, 0x0ab1d658, 0x0ab1d800, 0x0bda7000)
 Metaspace       used 3796K, capacity 4625K, committed 4736K, reserved 5504K
Event: 189.469 GC heap after
Heap after GC invocations=27 (full 4):
 def new generation   total 21376K, used 1800K [0x03a00000, 0x05130000, 0x08f50000)
  eden space 19008K,   0% used [0x03a00000, 0x03a00000, 0x04c90000)
  from space 2368K,  76% used [0x04ee0000, 0x050a22c8, 0x05130000)
  to   space 2368K,   0% used [0x04c90000, 0x04c90000, 0x04ee0000)
 tenured generation   total 47452K, used 28469K [0x08f50000, 0x0bda7000, 0x13a00000)
   the space 47452K,  59% used [0x08f50000, 0x0ab1d658, 0x0ab1d800, 0x0bda7000)
 Metaspace       used 3796K, capacity 4625K, committed 4736K, reserved 5504K
}
Event: 189.597 GC heap before
{Heap before GC invocations=27 (full 4):
 def new generation   total 21376K, used 20808K [0x03a00000, 0x05130000, 0x08f50000)
  eden space 19008K,  99% used [0x03a00000, 0x04c8fdc8, 0x04c90000)
  from space 2368K,  76% used [0x04ee0000, 0x050a22c8, 0x05130000)
  to   space 2368K,   0% used [0x04c90000, 0x04c90000, 0x04ee0000)
 tenured generation   total 47452K, used 28469K [0x08f50000, 0x0bda7000, 0x13a00000)
   the space 47452K,  59% used [0x08f50000, 0x0ab1d658, 0x0ab1d800, 0x0bda7000)
 Metaspace       used 3796K, capacity 4625K, committed 4736K, reserved 5504K
Event: 189.604 GC heap after
Heap after GC invocations=28 (full 4):
 def new generation   total 21376K, used 460K [0x03a00000, 0x05130000, 0x08f50000)
  eden space 19008K,   0% used [0x03a00000, 0x03a00000, 0x04c90000)
  from space 2368K,  19% used [0x04c90000, 0x04d03340, 0x04ee0000)
  to   space 2368K,   0% used [0x04ee0000, 0x04ee0000, 0x05130000)
 tenured generation   total 47452K, used 29328K [0x08f50000, 0x0bda7000, 0x13a00000)
   the space 47452K,  61% used [0x08f50000, 0x0abf4268, 0x0abf4400, 0x0bda7000)
 Metaspace       used 3796K, capacity 4625K, committed 4736K, reserved 5504K
}

