# JRE version: Java(TM) SE Runtime Environment (8.0_77-b03) (build 1.8.0_77-b03)
# Java VM: Java HotSpot(TM) Client VM (25.77-b03 mixed mode, sharing windows-x86 )
Heap:
 def new generation   total 13952K, used 8432K [0x03a00000, 0x04920000, 0x08f50000)
  eden space 12416K,  56% used [0x03a00000, 0x040d8aa8, 0x04620000)
  from space 1536K,  92% used [0x04620000, 0x04783688, 0x047a0000)
  to   space 1536K,   0% used [0x047a0000, 0x047a0000, 0x04920000)
 tenured generation   total 30944K, used 19788K [0x08f50000, 0x0ad88000, 0x13a00000)
   the space 30944K,  63% used [0x08f50000, 0x0a2a3358, 0x0a2a3400, 0x0ad88000)
 Metaspace       used 3141K, capacity 4616K, committed 4736K, reserved 5504K
GC Heap History (10 events):
Event: 9.038 GC heap before
{Heap before GC invocations=16 (full 3):
 def new generation   total 13952K, used 13666K [0x03a00000, 0x04920000, 0x08f50000)
  eden space 12416K, 100% used [0x03a00000, 0x04620000, 0x04620000)
  from space 1536K,  81% used [0x047a0000, 0x048d8b70, 0x04920000)
  to   space 1536K,   0% used [0x04620000, 0x04620000, 0x047a0000)
 tenured generation   total 30944K, used 17903K [0x08f50000, 0x0ad88000, 0x13a00000)
   the space 30944K,  57% used [0x08f50000, 0x0a0cbcb0, 0x0a0cbe00, 0x0ad88000)
 Metaspace       used 3037K, capacity 4507K, committed 4608K, reserved 5504K
Event: 9.043 GC heap after
Heap after GC invocations=17 (full 3):
 def new generation   total 13952K, used 775K [0x03a00000, 0x04920000, 0x08f50000)
  eden space 12416K,   0% used [0x03a00000, 0x03a00000, 0x04620000)
  from space 1536K,  50% used [0x04620000, 0x046e1da8, 0x047a0000)
  to   space 1536K,   0% used [0x047a0000, 0x047a0000, 0x04920000)
 tenured generation   total 30944K, used 18739K [0x08f50000, 0x0ad88000, 0x13a00000)
   the space 30944K,  60% used [0x08f50000, 0x0a19cda8, 0x0a19ce00, 0x0ad88000)
 Metaspace       used 3037K, capacity 4507K, committed 4608K, reserved 5504K
}
Event: 9.319 GC heap before
{Heap before GC invocations=17 (full 3):
 def new generation   total 13952K, used 13191K [0x03a00000, 0x04920000, 0x08f50000)
  eden space 12416K, 100% used [0x03a00000, 0x04620000, 0x04620000)
  from space 1536K,  50% used [0x04620000, 0x046e1da8, 0x047a0000)
  to   space 1536K,   0% used [0x047a0000, 0x047a0000, 0x04920000)
 tenured generation   total 30944K, used 18739K [0x08f50000, 0x0ad88000, 0x13a00000)
   the space 30944K,  60% used [0x08f50000, 0x0a19cda8, 0x0a19ce00, 0x0ad88000)
 Metaspace       used 3037K, capacity 4507K, committed 4608K, reserved 5504K
Event: 9.324 GC heap after
Heap after GC invocations=18 (full 3):
 def new generation   total 13952K, used 1500K [0x03a00000, 0x04920000, 0x08f50000)
  eden space 12416K,   0% used [0x03a00000, 0x03a00000, 0x04620000)
  from space 1536K,  97% used [0x047a0000, 0x04917168, 0x04920000)
  to   space 1536K,   0% used [0x04620000, 0x04620000, 0x047a0000)
 tenured generation   total 30944K, used 18825K [0x08f50000, 0x0ad88000, 0x13a00000)
   the space 30944K,  60% used [0x08f50000, 0x0a1b2440, 0x0a1b2600, 0x0ad88000)
 Metaspace       used 3037K, capacity 4507K, committed 4608K, reserved 5504K
}
Event: 13.195 GC heap before
{Heap before GC invocations=18 (full 3):
 def new generation   total 13952K, used 13900K [0x03a00000, 0x04920000, 0x08f50000)
  eden space 12416K,  99% used [0x03a00000, 0x0461c160, 0x04620000)
  from space 1536K,  97% used [0x047a0000, 0x04917168, 0x04920000)
  to   space 1536K,   0% used [0x04620000, 0x04620000, 0x047a0000)
 tenured generation   total 30944K, used 18825K [0x08f50000, 0x0ad88000, 0x13a00000)
   the space 30944K,  60% used [0x08f50000, 0x0a1b2440, 0x0a1b2600, 0x0ad88000)
 Metaspace       used 3037K, capacity 4507K, committed 4608K, reserved 5504K
Event: 13.197 GC heap after
Heap after GC invocations=19 (full 3):
 def new generation   total 13952K, used 561K [0x03a00000, 0x04920000, 0x08f50000)
  eden space 12416K,   0% used [0x03a00000, 0x03a00000, 0x04620000)
  from space 1536K,  36% used [0x04620000, 0x046ac438, 0x047a0000)
  to   space 1536K,   0% used [0x047a0000, 0x047a0000, 0x04920000)
 tenured generation   total 30944K, used 19064K [0x08f50000, 0x0ad88000, 0x13a00000)
   the space 30944K,  61% used [0x08f50000, 0x0a1ee180, 0x0a1ee200, 0x0ad88000)
 Metaspace       used 3037K, capacity 4507K, committed 4608K, reserved 5504K
}
Event: 13.239 GC heap before
{Heap before GC invocations=19 (full 3):
 def new generation   total 13952K, used 12977K [0x03a00000, 0x04920000, 0x08f50000)
  eden space 12416K, 100% used [0x03a00000, 0x04620000, 0x04620000)
  from space 1536K,  36% used [0x04620000, 0x046ac438, 0x047a0000)
  to   space 1536K,   0% used [0x047a0000, 0x047a0000, 0x04920000)
 tenured generation   total 30944K, used 19064K [0x08f50000, 0x0ad88000, 0x13a00000)
   the space 30944K,  61% used [0x08f50000, 0x0a1ee180, 0x0a1ee200, 0x0ad88000)
 Metaspace       used 3037K, capacity 4507K, committed 4608K, reserved 5504K
Event: 13.244 GC heap after
Heap after GC invocations=20 (full 3):
 def new generation   total 13952K, used 1536K [0x03a00000, 0x04920000, 0x08f50000)
  eden space 12416K,   0% used [0x03a00000, 0x03a00000, 0x04620000)
  from space 1536K, 100% used [0x047a0000, 0x04920000, 0x04920000)
  to   space 1536K,   0% used [0x04620000, 0x04620000, 0x047a0000)
 tenured generation   total 30944K, used 19474K [0x08f50000, 0x0ad88000, 0x13a00000)
   the space 30944K,  62% used [0x08f50000, 0x0a254828, 0x0a254a00, 0x0ad88000)
 Metaspace       used 3037K, capacity 4507K, committed 4608K, reserved 5504K
}
Event: 14.502 GC heap before
{Heap before GC invocations=20 (full 3):
 def new generation   total 13952K, used 13952K [0x03a00000, 0x04920000, 0x08f50000)
  eden space 12416K, 100% used [0x03a00000, 0x04620000, 0x04620000)
  from space 1536K, 100% used [0x047a0000, 0x04920000, 0x04920000)
  to   space 1536K,   0% used [0x04620000, 0x04620000, 0x047a0000)
 tenured generation   total 30944K, used 19474K [0x08f50000, 0x0ad88000, 0x13a00000)
   the space 30944K,  62% used [0x08f50000, 0x0a254828, 0x0a254a00, 0x0ad88000)
 Metaspace       used 3102K, capacity 4571K, committed 4608K, reserved 5504K
Event: 14.507 GC heap after
Heap after GC invocations=21 (full 3):
 def new generation   total 13952K, used 1421K [0x03a00000, 0x04920000, 0x08f50000)
  eden space 12416K,   0% used [0x03a00000, 0x03a00000, 0x04620000)
  from space 1536K,  92% used [0x04620000, 0x04783688, 0x047a0000)
  to   space 1536K,   0% used [0x047a0000, 0x047a0000, 0x04920000)
 tenured generation   total 30944K, used 19788K [0x08f50000, 0x0ad88000, 0x13a00000)
   the space 30944K,  63% used [0x08f50000, 0x0a2a3358, 0x0a2a3400, 0x0ad88000)
 Metaspace       used 3102K, capacity 4571K, committed 4608K, reserved 5504K
}

