# JRE version: Java(TM) SE Runtime Environment (8.0_77-b03) (build 1.8.0_77-b03)
# Java VM: Java HotSpot(TM) Client VM (25.77-b03 mixed mode, sharing windows-x86 )
Heap:
 def new generation   total 20736K, used 4538K [0x03800000, 0x04e80000, 0x08d50000)
  eden space 18432K,  16% used [0x03800000, 0x03ae5678, 0x04a00000)
  from space 2304K,  68% used [0x04c40000, 0x04dc9420, 0x04e80000)
  to   space 2304K,   0% used [0x04a00000, 0x04a00000, 0x04c40000)
 tenured generation   total 46028K, used 33003K [0x08d50000, 0x0ba43000, 0x13800000)
   the space 46028K,  71% used [0x08d50000, 0x0ad8ac00, 0x0ad8ac00, 0x0ba43000)
 Metaspace       used 3141K, capacity 4616K, committed 4736K, reserved 5504K
GC Heap History (10 events):
Event: 8.740 GC heap before
{Heap before GC invocations=14 (full 3):
 def new generation   total 20736K, used 18432K [0x03800000, 0x04e80000, 0x08d50000)
  eden space 18432K, 100% used [0x03800000, 0x04a00000, 0x04a00000)
  from space 2304K,   0% used [0x04a00000, 0x04a00000, 0x04c40000)
  to   space 2304K,   0% used [0x04c40000, 0x04c40000, 0x04e80000)
 tenured generation   total 46028K, used 27614K [0x08d50000, 0x0ba43000, 0x13800000)
   the space 46028K,  59% used [0x08d50000, 0x0a847b90, 0x0a847c00, 0x0ba43000)
 Metaspace       used 3036K, capacity 4507K, committed 4608K, reserved 5504K
Event: 8.750 GC heap after
Heap after GC invocations=15 (full 3):
 def new generation   total 20736K, used 2304K [0x03800000, 0x04e80000, 0x08d50000)
  eden space 18432K,   0% used [0x03800000, 0x03800000, 0x04a00000)
  from space 2304K, 100% used [0x04c40000, 0x04e80000, 0x04e80000)
  to   space 2304K,   0% used [0x04a00000, 0x04a00000, 0x04c40000)
 tenured generation   total 46028K, used 30171K [0x08d50000, 0x0ba43000, 0x13800000)
   the space 46028K,  65% used [0x08d50000, 0x0aac6d30, 0x0aac6e00, 0x0ba43000)
 Metaspace       used 3036K, capacity 4507K, committed 4608K, reserved 5504K
}
Event: 10.141 GC heap before
{Heap before GC invocations=15 (full 3):
 def new generation   total 20736K, used 20736K [0x03800000, 0x04e80000, 0x08d50000)
  eden space 18432K, 100% used [0x03800000, 0x04a00000, 0x04a00000)
  from space 2304K, 100% used [0x04c40000, 0x04e80000, 0x04e80000)
  to   space 2304K,   0% used [0x04a00000, 0x04a00000, 0x04c40000)
 tenured generation   total 46028K, used 30171K [0x08d50000, 0x0ba43000, 0x13800000)
   the space 46028K,  65% used [0x08d50000, 0x0aac6d30, 0x0aac6e00, 0x0ba43000)
 Metaspace       used 3037K, capacity 4507K, committed 4608K, reserved 5504K
Event: 10.148 GC heap after
Heap after GC invocations=16 (full 3):
 def new generation   total 20736K, used 770K [0x03800000, 0x04e80000, 0x08d50000)
  eden space 18432K,   0% used [0x03800000, 0x03800000, 0x04a00000)
  from space 2304K,  33% used [0x04a00000, 0x04ac0a88, 0x04c40000)
  to   space 2304K,   0% used [0x04c40000, 0x04c40000, 0x04e80000)
 tenured generation   total 46028K, used 32306K [0x08d50000, 0x0ba43000, 0x13800000)
   the space 46028K,  70% used [0x08d50000, 0x0acdc9b0, 0x0acdca00, 0x0ba43000)
 Metaspace       used 3037K, capacity 4507K, committed 4608K, reserved 5504K
}
Event: 10.466 GC heap before
{Heap before GC invocations=16 (full 3):
 def new generation   total 20736K, used 19202K [0x03800000, 0x04e80000, 0x08d50000)
  eden space 18432K, 100% used [0x03800000, 0x04a00000, 0x04a00000)
  from space 2304K,  33% used [0x04a00000, 0x04ac0a88, 0x04c40000)
  to   space 2304K,   0% used [0x04c40000, 0x04c40000, 0x04e80000)
 tenured generation   total 46028K, used 32306K [0x08d50000, 0x0ba43000, 0x13800000)
   the space 46028K,  70% used [0x08d50000, 0x0acdc9b0, 0x0acdca00, 0x0ba43000)
 Metaspace       used 3037K, capacity 4507K, committed 4608K, reserved 5504K
Event: 10.473 GC heap after
Heap after GC invocations=17 (full 3):
 def new generation   total 20736K, used 2127K [0x03800000, 0x04e80000, 0x08d50000)
  eden space 18432K,   0% used [0x03800000, 0x03800000, 0x04a00000)
  from space 2304K,  92% used [0x04c40000, 0x04e53f60, 0x04e80000)
  to   space 2304K,   0% used [0x04a00000, 0x04a00000, 0x04c40000)
 tenured generation   total 46028K, used 32306K [0x08d50000, 0x0ba43000, 0x13800000)
   the space 46028K,  70% used [0x08d50000, 0x0acdc9b0, 0x0acdca00, 0x0ba43000)
 Metaspace       used 3037K, capacity 4507K, committed 4608K, reserved 5504K
}
Event: 12.269 GC heap before
{Heap before GC invocations=17 (full 3):
 def new generation   total 20736K, used 20559K [0x03800000, 0x04e80000, 0x08d50000)
  eden space 18432K, 100% used [0x03800000, 0x04a00000, 0x04a00000)
  from space 2304K,  92% used [0x04c40000, 0x04e53f60, 0x04e80000)
  to   space 2304K,   0% used [0x04a00000, 0x04a00000, 0x04c40000)
 tenured generation   total 46028K, used 32306K [0x08d50000, 0x0ba43000, 0x13800000)
   the space 46028K,  70% used [0x08d50000, 0x0acdc9b0, 0x0acdca00, 0x0ba43000)
 Metaspace       used 3037K, capacity 4507K, committed 4608K, reserved 5504K
Event: 12.274 GC heap after
Heap after GC invocations=18 (full 3):
 def new generation   total 20736K, used 1825K [0x03800000, 0x04e80000, 0x08d50000)
  eden space 18432K,   0% used [0x03800000, 0x03800000, 0x04a00000)
  from space 2304K,  79% used [0x04a00000, 0x04bc8558, 0x04c40000)
  to   space 2304K,   0% used [0x04c40000, 0x04c40000, 0x04e80000)
 tenured generation   total 46028K, used 32688K [0x08d50000, 0x0ba43000, 0x13800000)
   the space 46028K,  71% used [0x08d50000, 0x0ad3c010, 0x0ad3c200, 0x0ba43000)
 Metaspace       used 3037K, capacity 4507K, committed 4608K, reserved 5504K
}
Event: 13.745 GC heap before
{Heap before GC invocations=18 (full 3):
 def new generation   total 20736K, used 20257K [0x03800000, 0x04e80000, 0x08d50000)
  eden space 18432K, 100% used [0x03800000, 0x04a00000, 0x04a00000)
  from space 2304K,  79% used [0x04a00000, 0x04bc8558, 0x04c40000)
  to   space 2304K,   0% used [0x04c40000, 0x04c40000, 0x04e80000)
 tenured generation   total 46028K, used 32688K [0x08d50000, 0x0ba43000, 0x13800000)
   the space 46028K,  71% used [0x08d50000, 0x0ad3c010, 0x0ad3c200, 0x0ba43000)
 Metaspace       used 3102K, capacity 4571K, committed 4608K, reserved 5504K
Event: 13.752 GC heap after
Heap after GC invocations=19 (full 3):
 def new generation   total 20736K, used 1573K [0x03800000, 0x04e80000, 0x08d50000)
  eden space 18432K,   0% used [0x03800000, 0x03800000, 0x04a00000)
  from space 2304K,  68% used [0x04c40000, 0x04dc9420, 0x04e80000)
  to   space 2304K,   0% used [0x04a00000, 0x04a00000, 0x04c40000)
 tenured generation   total 46028K, used 33003K [0x08d50000, 0x0ba43000, 0x13800000)
   the space 46028K,  71% used [0x08d50000, 0x0ad8ac00, 0x0ad8ac00, 0x0ba43000)
 Metaspace       used 3102K, capacity 4571K, committed 4608K, reserved 5504K
}

