# JRE version: Java(TM) SE Runtime Environment (8.0_77-b03) (build 1.8.0_77-b03)
# Java VM: Java HotSpot(TM) Client VM (25.77-b03 mixed mode windows-x86 )
Heap:
 def new generation   total 21440K, used 2140K [0x03e00000, 0x05540000, 0x09350000)
  eden space 19072K,   8% used [0x03e00000, 0x03f87408, 0x050a0000)
  from space 2368K,  24% used [0x050a0000, 0x0512ff90, 0x052f0000)
  to   space 2368K,   0% used [0x052f0000, 0x052f0000, 0x05540000)
 tenured generation   total 47508K, used 29361K [0x09350000, 0x0c1b5000, 0x13e00000)
   the space 47508K,  61% used [0x09350000, 0x0affc758, 0x0affc800, 0x0c1b5000)
 Metaspace       used 7951K, capacity 8141K, committed 8320K, reserved 8576K
GC Heap History (10 events):
Event: 21.491 GC heap before
{Heap before GC invocations=23 (full 3):
 def new generation   total 13568K, used 12617K [0x03e00000, 0x04cb0000, 0x09350000)
  eden space 12096K, 100% used [0x03e00000, 0x049d0000, 0x049d0000)
  from space 1472K,  35% used [0x049d0000, 0x04a52488, 0x04b40000)
  to   space 1472K,   0% used [0x04b40000, 0x04b40000, 0x04cb0000)
 tenured generation   total 30016K, used 22747K [0x09350000, 0x0b0a0000, 0x13e00000)
   the space 30016K,  75% used [0x09350000, 0x0a986f38, 0x0a987000, 0x0b0a0000)
 Metaspace       used 7233K, capacity 7393K, committed 7552K, reserved 7552K
Event: 21.501 GC heap after
Heap after GC invocations=24 (full 3):
 def new generation   total 13568K, used 1472K [0x03e00000, 0x04cb0000, 0x09350000)
  eden space 12096K,   0% used [0x03e00000, 0x03e00000, 0x049d0000)
  from space 1472K, 100% used [0x04b40000, 0x04cb0000, 0x04cb0000)
  to   space 1472K,   0% used [0x049d0000, 0x049d0000, 0x04b40000)
 tenured generation   total 30016K, used 24803K [0x09350000, 0x0b0a0000, 0x13e00000)
   the space 30016K,  82% used [0x09350000, 0x0ab88da8, 0x0ab88e00, 0x0b0a0000)
 Metaspace       used 7233K, capacity 7393K, committed 7552K, reserved 7552K
}
Event: 22.261 GC heap before
{Heap before GC invocations=24 (full 3):
 def new generation   total 13568K, used 13568K [0x03e00000, 0x04cb0000, 0x09350000)
  eden space 12096K, 100% used [0x03e00000, 0x049d0000, 0x049d0000)
  from space 1472K, 100% used [0x04b40000, 0x04cb0000, 0x04cb0000)
  to   space 1472K,   0% used [0x049d0000, 0x049d0000, 0x04b40000)
 tenured generation   total 30016K, used 24803K [0x09350000, 0x0b0a0000, 0x13e00000)
   the space 30016K,  82% used [0x09350000, 0x0ab88da8, 0x0ab88e00, 0x0b0a0000)
 Metaspace       used 7859K, capacity 8033K, committed 8192K, reserved 8576K
Event: 22.271 GC heap after
Heap after GC invocations=25 (full 3):
 def new generation   total 13568K, used 1472K [0x03e00000, 0x04cb0000, 0x09350000)
  eden space 12096K,   0% used [0x03e00000, 0x03e00000, 0x049d0000)
  from space 1472K, 100% used [0x049d0000, 0x04b40000, 0x04b40000)
  to   space 1472K,   0% used [0x04b40000, 0x04b40000, 0x04cb0000)
 tenured generation   total 30016K, used 26833K [0x09350000, 0x0b0a0000, 0x13e00000)
   the space 30016K,  89% used [0x09350000, 0x0ad844a8, 0x0ad84600, 0x0b0a0000)
 Metaspace       used 7859K, capacity 8033K, committed 8192K, reserved 8576K
}
Event: 22.513 GC heap before
{Heap before GC invocations=25 (full 3):
 def new generation   total 13568K, used 13568K [0x03e00000, 0x04cb0000, 0x09350000)
  eden space 12096K, 100% used [0x03e00000, 0x049d0000, 0x049d0000)
  from space 1472K, 100% used [0x049d0000, 0x04b40000, 0x04b40000)
  to   space 1472K,   0% used [0x04b40000, 0x04b40000, 0x04cb0000)
 tenured generation   total 30016K, used 26833K [0x09350000, 0x0b0a0000, 0x13e00000)
   the space 30016K,  89% used [0x09350000, 0x0ad844a8, 0x0ad84600, 0x0b0a0000)
 Metaspace       used 7915K, capacity 8065K, committed 8192K, reserved 8576K
Event: 22.667 GC heap after
Heap after GC invocations=26 (full 4):
 def new generation   total 21440K, used 0K [0x03e00000, 0x05540000, 0x09350000)
  eden space 19072K,   0% used [0x03e00000, 0x03e00000, 0x050a0000)
  from space 2368K,   0% used [0x050a0000, 0x050a0000, 0x052f0000)
  to   space 2368K,   0% used [0x052f0000, 0x052f0000, 0x05540000)
 tenured generation   total 47508K, used 28503K [0x09350000, 0x0c1b5000, 0x13e00000)
   the space 47508K,  59% used [0x09350000, 0x0af25c20, 0x0af25e00, 0x0c1b5000)
 Metaspace       used 7915K, capacity 8065K, committed 8192K, reserved 8576K
}
Event: 22.838 GC heap before
{Heap before GC invocations=26 (full 4):
 def new generation   total 21440K, used 19072K [0x03e00000, 0x05540000, 0x09350000)
  eden space 19072K, 100% used [0x03e00000, 0x050a0000, 0x050a0000)
  from space 2368K,   0% used [0x050a0000, 0x050a0000, 0x052f0000)
  to   space 2368K,   0% used [0x052f0000, 0x052f0000, 0x05540000)
 tenured generation   total 47508K, used 28503K [0x09350000, 0x0c1b5000, 0x13e00000)
   the space 47508K,  59% used [0x09350000, 0x0af25c20, 0x0af25e00, 0x0c1b5000)
 Metaspace       used 7916K, capacity 8065K, committed 8192K, reserved 8576K
Event: 22.846 GC heap after
Heap after GC invocations=27 (full 4):
 def new generation   total 21440K, used 1800K [0x03e00000, 0x05540000, 0x09350000)
  eden space 19072K,   0% used [0x03e00000, 0x03e00000, 0x050a0000)
  from space 2368K,  76% used [0x052f0000, 0x054b2358, 0x05540000)
  to   space 2368K,   0% used [0x050a0000, 0x050a0000, 0x052f0000)
 tenured generation   total 47508K, used 28503K [0x09350000, 0x0c1b5000, 0x13e00000)
   the space 47508K,  59% used [0x09350000, 0x0af25c20, 0x0af25e00, 0x0c1b5000)
 Metaspace       used 7916K, capacity 8065K, committed 8192K, reserved 8576K
}
Event: 22.944 GC heap before
{Heap before GC invocations=27 (full 4):
 def new generation   total 21440K, used 20872K [0x03e00000, 0x05540000, 0x09350000)
  eden space 19072K, 100% used [0x03e00000, 0x050a0000, 0x050a0000)
  from space 2368K,  76% used [0x052f0000, 0x054b2358, 0x05540000)
  to   space 2368K,   0% used [0x050a0000, 0x050a0000, 0x052f0000)
 tenured generation   total 47508K, used 28503K [0x09350000, 0x0c1b5000, 0x13e00000)
   the space 47508K,  59% used [0x09350000, 0x0af25c20, 0x0af25e00, 0x0c1b5000)
 Metaspace       used 7916K, capacity 8065K, committed 8192K, reserved 8576K
Event: 22.951 GC heap after
Heap after GC invocations=28 (full 4):
 def new generation   total 21440K, used 575K [0x03e00000, 0x05540000, 0x09350000)
  eden space 19072K,   0% used [0x03e00000, 0x03e00000, 0x050a0000)
  from space 2368K,  24% used [0x050a0000, 0x0512ff90, 0x052f0000)
  to   space 2368K,   0% used [0x052f0000, 0x052f0000, 0x05540000)
 tenured generation   total 47508K, used 29361K [0x09350000, 0x0c1b5000, 0x13e00000)
   the space 47508K,  61% used [0x09350000, 0x0affc758, 0x0affc800, 0x0c1b5000)
 Metaspace       used 7916K, capacity 8065K, committed 8192K, reserved 8576K
}

