# JRE version: Java(TM) SE Runtime Environment (8.0_77-b03) (build 1.8.0_77-b03)
# Java VM: Java HotSpot(TM) Client VM (25.77-b03 mixed mode, sharing windows-x86 )
Heap:
 def new generation   total 20736K, used 4169K [0x03800000, 0x04e80000, 0x08d50000)
  eden space 18432K,  14% used [0x03800000, 0x03a89258, 0x04a00000)
  from space 2304K,  68% used [0x04c40000, 0x04dc94f8, 0x04e80000)
  to   space 2304K,   0% used [0x04a00000, 0x04a00000, 0x04c40000)
 tenured generation   total 46024K, used 32997K [0x08d50000, 0x0ba42000, 0x13800000)
   the space 46024K,  71% used [0x08d50000, 0x0ad897c0, 0x0ad89800, 0x0ba42000)
 Metaspace       used 3141K, capacity 4616K, committed 4736K, reserved 5504K
GC Heap History (10 events):
Event: 7.616 GC heap before
{Heap before GC invocations=14 (full 3):
 def new generation   total 20736K, used 18432K [0x03800000, 0x04e80000, 0x08d50000)
  eden space 18432K, 100% used [0x03800000, 0x04a00000, 0x04a00000)
  from space 2304K,   0% used [0x04a00000, 0x04a00000, 0x04c40000)
  to   space 2304K,   0% used [0x04c40000, 0x04c40000, 0x04e80000)
 tenured generation   total 46024K, used 27612K [0x08d50000, 0x0ba42000, 0x13800000)
   the space 46024K,  59% used [0x08d50000, 0x0a8472d8, 0x0a847400, 0x0ba42000)
 Metaspace       used 3036K, capacity 4507K, committed 4608K, reserved 5504K
Event: 7.625 GC heap after
Heap after GC invocations=15 (full 3):
 def new generation   total 20736K, used 2304K [0x03800000, 0x04e80000, 0x08d50000)
  eden space 18432K,   0% used [0x03800000, 0x03800000, 0x04a00000)
  from space 2304K, 100% used [0x04c40000, 0x04e80000, 0x04e80000)
  to   space 2304K,   0% used [0x04a00000, 0x04a00000, 0x04c40000)
 tenured generation   total 46024K, used 30164K [0x08d50000, 0x0ba42000, 0x13800000)
   the space 46024K,  65% used [0x08d50000, 0x0aac50f8, 0x0aac5200, 0x0ba42000)
 Metaspace       used 3036K, capacity 4507K, committed 4608K, reserved 5504K
}
Event: 8.957 GC heap before
{Heap before GC invocations=15 (full 3):
 def new generation   total 20736K, used 20736K [0x03800000, 0x04e80000, 0x08d50000)
  eden space 18432K, 100% used [0x03800000, 0x04a00000, 0x04a00000)
  from space 2304K, 100% used [0x04c40000, 0x04e80000, 0x04e80000)
  to   space 2304K,   0% used [0x04a00000, 0x04a00000, 0x04c40000)
 tenured generation   total 46024K, used 30164K [0x08d50000, 0x0ba42000, 0x13800000)
   the space 46024K,  65% used [0x08d50000, 0x0aac50f8, 0x0aac5200, 0x0ba42000)
 Metaspace       used 3037K, capacity 4507K, committed 4608K, reserved 5504K
Event: 8.963 GC heap after
Heap after GC invocations=16 (full 3):
 def new generation   total 20736K, used 770K [0x03800000, 0x04e80000, 0x08d50000)
  eden space 18432K,   0% used [0x03800000, 0x03800000, 0x04a00000)
  from space 2304K,  33% used [0x04a00000, 0x04ac0ab8, 0x04c40000)
  to   space 2304K,   0% used [0x04c40000, 0x04c40000, 0x04e80000)
 tenured generation   total 46024K, used 32301K [0x08d50000, 0x0ba42000, 0x13800000)
   the space 46024K,  70% used [0x08d50000, 0x0acdb570, 0x0acdb600, 0x0ba42000)
 Metaspace       used 3037K, capacity 4507K, committed 4608K, reserved 5504K
}
Event: 9.262 GC heap before
{Heap before GC invocations=16 (full 3):
 def new generation   total 20736K, used 19202K [0x03800000, 0x04e80000, 0x08d50000)
  eden space 18432K, 100% used [0x03800000, 0x04a00000, 0x04a00000)
  from space 2304K,  33% used [0x04a00000, 0x04ac0ab8, 0x04c40000)
  to   space 2304K,   0% used [0x04c40000, 0x04c40000, 0x04e80000)
 tenured generation   total 46024K, used 32301K [0x08d50000, 0x0ba42000, 0x13800000)
   the space 46024K,  70% used [0x08d50000, 0x0acdb570, 0x0acdb600, 0x0ba42000)
 Metaspace       used 3037K, capacity 4507K, committed 4608K, reserved 5504K
Event: 9.269 GC heap after
Heap after GC invocations=17 (full 3):
 def new generation   total 20736K, used 2127K [0x03800000, 0x04e80000, 0x08d50000)
  eden space 18432K,   0% used [0x03800000, 0x03800000, 0x04a00000)
  from space 2304K,  92% used [0x04c40000, 0x04e53f48, 0x04e80000)
  to   space 2304K,   0% used [0x04a00000, 0x04a00000, 0x04c40000)
 tenured generation   total 46024K, used 32301K [0x08d50000, 0x0ba42000, 0x13800000)
   the space 46024K,  70% used [0x08d50000, 0x0acdb570, 0x0acdb600, 0x0ba42000)
 Metaspace       used 3037K, capacity 4507K, committed 4608K, reserved 5504K
}
Event: 11.057 GC heap before
{Heap before GC invocations=17 (full 3):
 def new generation   total 20736K, used 20559K [0x03800000, 0x04e80000, 0x08d50000)
  eden space 18432K, 100% used [0x03800000, 0x04a00000, 0x04a00000)
  from space 2304K,  92% used [0x04c40000, 0x04e53f48, 0x04e80000)
  to   space 2304K,   0% used [0x04a00000, 0x04a00000, 0x04c40000)
 tenured generation   total 46024K, used 32301K [0x08d50000, 0x0ba42000, 0x13800000)
   the space 46024K,  70% used [0x08d50000, 0x0acdb570, 0x0acdb600, 0x0ba42000)
 Metaspace       used 3037K, capacity 4507K, committed 4608K, reserved 5504K
Event: 11.062 GC heap after
Heap after GC invocations=18 (full 3):
 def new generation   total 20736K, used 1825K [0x03800000, 0x04e80000, 0x08d50000)
  eden space 18432K,   0% used [0x03800000, 0x03800000, 0x04a00000)
  from space 2304K,  79% used [0x04a00000, 0x04bc85b0, 0x04c40000)
  to   space 2304K,   0% used [0x04c40000, 0x04c40000, 0x04e80000)
 tenured generation   total 46024K, used 32682K [0x08d50000, 0x0ba42000, 0x13800000)
   the space 46024K,  71% used [0x08d50000, 0x0ad3abd0, 0x0ad3ac00, 0x0ba42000)
 Metaspace       used 3037K, capacity 4507K, committed 4608K, reserved 5504K
}
Event: 12.480 GC heap before
{Heap before GC invocations=18 (full 3):
 def new generation   total 20736K, used 20257K [0x03800000, 0x04e80000, 0x08d50000)
  eden space 18432K, 100% used [0x03800000, 0x04a00000, 0x04a00000)
  from space 2304K,  79% used [0x04a00000, 0x04bc85b0, 0x04c40000)
  to   space 2304K,   0% used [0x04c40000, 0x04c40000, 0x04e80000)
 tenured generation   total 46024K, used 32682K [0x08d50000, 0x0ba42000, 0x13800000)
   the space 46024K,  71% used [0x08d50000, 0x0ad3abd0, 0x0ad3ac00, 0x0ba42000)
 Metaspace       used 3102K, capacity 4571K, committed 4608K, reserved 5504K
Event: 12.486 GC heap after
Heap after GC invocations=19 (full 3):
 def new generation   total 20736K, used 1573K [0x03800000, 0x04e80000, 0x08d50000)
  eden space 18432K,   0% used [0x03800000, 0x03800000, 0x04a00000)
  from space 2304K,  68% used [0x04c40000, 0x04dc94f8, 0x04e80000)
  to   space 2304K,   0% used [0x04a00000, 0x04a00000, 0x04c40000)
 tenured generation   total 46024K, used 32997K [0x08d50000, 0x0ba42000, 0x13800000)
   the space 46024K,  71% used [0x08d50000, 0x0ad897c0, 0x0ad89800, 0x0ba42000)
 Metaspace       used 3102K, capacity 4571K, committed 4608K, reserved 5504K
}

