# JRE version: Java(TM) SE Runtime Environment (8.0_77-b03) (build 1.8.0_77-b03)
# Java VM: Java HotSpot(TM) Client VM (25.77-b03 mixed mode windows-x86 )
Heap:
 def new generation   total 22080K, used 10221K [0x03e00000, 0x055f0000, 0x09350000)
  eden space 19648K,  52% used [0x03e00000, 0x047fb520, 0x05130000)
  from space 2432K,   0% used [0x05130000, 0x05130000, 0x05390000)
  to   space 2432K,   0% used [0x05390000, 0x05390000, 0x055f0000)
 tenured generation   total 48980K, used 29387K [0x09350000, 0x0c325000, 0x13e00000)
   the space 48980K,  59% used [0x09350000, 0x0b002cf0, 0x0b002e00, 0x0c325000)
 Metaspace       used 7950K, capacity 8136K, committed 8320K, reserved 8576K
GC Heap History (10 events):
Event: 35.183 GC heap before
{Heap before GC invocations=19 (full 3):
 def new generation   total 20160K, used 18232K [0x03e00000, 0x053e0000, 0x09350000)
  eden space 17920K, 100% used [0x03e00000, 0x04f80000, 0x04f80000)
  from space 2240K,  13% used [0x051b0000, 0x051fe208, 0x053e0000)
  to   space 2240K,   0% used [0x04f80000, 0x04f80000, 0x051b0000)
 tenured generation   total 44668K, used 32794K [0x09350000, 0x0beef000, 0x13e00000)
   the space 44668K,  73% used [0x09350000, 0x0b356a58, 0x0b356c00, 0x0beef000)
 Metaspace       used 7223K, capacity 7395K, committed 7552K, reserved 7552K
Event: 35.188 GC heap after
Heap after GC invocations=20 (full 3):
 def new generation   total 20160K, used 1469K [0x03e00000, 0x053e0000, 0x09350000)
  eden space 17920K,   0% used [0x03e00000, 0x03e00000, 0x04f80000)
  from space 2240K,  65% used [0x04f80000, 0x050ef4a0, 0x051b0000)
  to   space 2240K,   0% used [0x051b0000, 0x051b0000, 0x053e0000)
 tenured generation   total 44668K, used 32794K [0x09350000, 0x0beef000, 0x13e00000)
   the space 44668K,  73% used [0x09350000, 0x0b356a58, 0x0b356c00, 0x0beef000)
 Metaspace       used 7223K, capacity 7395K, committed 7552K, reserved 7552K
}
Event: 35.577 GC heap before
{Heap before GC invocations=20 (full 3):
 def new generation   total 20160K, used 19389K [0x03e00000, 0x053e0000, 0x09350000)
  eden space 17920K, 100% used [0x03e00000, 0x04f80000, 0x04f80000)
  from space 2240K,  65% used [0x04f80000, 0x050ef4a0, 0x051b0000)
  to   space 2240K,   0% used [0x051b0000, 0x051b0000, 0x053e0000)
 tenured generation   total 44668K, used 32794K [0x09350000, 0x0beef000, 0x13e00000)
   the space 44668K,  73% used [0x09350000, 0x0b356a58, 0x0b356c00, 0x0beef000)
 Metaspace       used 7235K, capacity 7395K, committed 7552K, reserved 7552K
Event: 35.587 GC heap after
Heap after GC invocations=21 (full 3):
 def new generation   total 20160K, used 2240K [0x03e00000, 0x053e0000, 0x09350000)
  eden space 17920K,   0% used [0x03e00000, 0x03e00000, 0x04f80000)
  from space 2240K, 100% used [0x051b0000, 0x053e0000, 0x053e0000)
  to   space 2240K,   0% used [0x04f80000, 0x04f80000, 0x051b0000)
 tenured generation   total 44668K, used 33941K [0x09350000, 0x0beef000, 0x13e00000)
   the space 44668K,  75% used [0x09350000, 0x0b4754b0, 0x0b475600, 0x0beef000)
 Metaspace       used 7235K, capacity 7395K, committed 7552K, reserved 7552K
}
Event: 36.160 GC heap before
{Heap before GC invocations=21 (full 3):
 def new generation   total 20160K, used 20160K [0x03e00000, 0x053e0000, 0x09350000)
  eden space 17920K, 100% used [0x03e00000, 0x04f80000, 0x04f80000)
  from space 2240K, 100% used [0x051b0000, 0x053e0000, 0x053e0000)
  to   space 2240K,   0% used [0x04f80000, 0x04f80000, 0x051b0000)
 tenured generation   total 44668K, used 33941K [0x09350000, 0x0beef000, 0x13e00000)
   the space 44668K,  75% used [0x09350000, 0x0b4754b0, 0x0b475600, 0x0beef000)
 Metaspace       used 7921K, capacity 8099K, committed 8192K, reserved 8576K
Event: 36.206 GC heap after
Heap after GC invocations=22 (full 3):
 def new generation   total 20160K, used 2240K [0x03e00000, 0x053e0000, 0x09350000)
  eden space 17920K,   0% used [0x03e00000, 0x03e00000, 0x04f80000)
  from space 2240K, 100% used [0x04f80000, 0x051b0000, 0x051b0000)
  to   space 2240K,   0% used [0x051b0000, 0x051b0000, 0x053e0000)
 tenured generation   total 44668K, used 42414K [0x09350000, 0x0beef000, 0x13e00000)
   the space 44668K,  94% used [0x09350000, 0x0bcbba00, 0x0bcbba00, 0x0beef000)
 Metaspace       used 7921K, capacity 8099K, committed 8192K, reserved 8576K
}
Event: 36.443 GC heap before
{Heap before GC invocations=22 (full 3):
 def new generation   total 20160K, used 20160K [0x03e00000, 0x053e0000, 0x09350000)
  eden space 17920K, 100% used [0x03e00000, 0x04f80000, 0x04f80000)
  from space 2240K, 100% used [0x04f80000, 0x051b0000, 0x051b0000)
  to   space 2240K,   0% used [0x051b0000, 0x051b0000, 0x053e0000)
 tenured generation   total 44668K, used 42414K [0x09350000, 0x0beef000, 0x13e00000)
   the space 44668K,  94% used [0x09350000, 0x0bcbba00, 0x0bcbba00, 0x0beef000)
 Metaspace       used 7922K, capacity 8099K, committed 8192K, reserved 8576K
Event: 36.468 GC heap after
Heap after GC invocations=23 (full 3):
 def new generation   total 20160K, used 2080K [0x03e00000, 0x053e0000, 0x09350000)
  eden space 17920K,   0% used [0x03e00000, 0x03e00000, 0x04f80000)
  from space 2240K,  92% used [0x051b0000, 0x053b82a0, 0x053e0000)
  to   space 2240K,   0% used [0x04f80000, 0x04f80000, 0x051b0000)
 tenured generation   total 44668K, used 44373K [0x09350000, 0x0beef000, 0x13e00000)
   the space 44668K,  99% used [0x09350000, 0x0bea57f0, 0x0bea5800, 0x0beef000)
 Metaspace       used 7922K, capacity 8099K, committed 8192K, reserved 8576K
}
Event: 36.620 GC heap before
{Heap before GC invocations=23 (full 3):
 def new generation   total 20160K, used 20000K [0x03e00000, 0x053e0000, 0x09350000)
  eden space 17920K, 100% used [0x03e00000, 0x04f80000, 0x04f80000)
  from space 2240K,  92% used [0x051b0000, 0x053b82a0, 0x053e0000)
  to   space 2240K,   0% used [0x04f80000, 0x04f80000, 0x051b0000)
 tenured generation   total 44668K, used 44373K [0x09350000, 0x0beef000, 0x13e00000)
   the space 44668K,  99% used [0x09350000, 0x0bea57f0, 0x0bea5800, 0x0beef000)
 Metaspace       used 7922K, capacity 8099K, committed 8192K, reserved 8576K
Event: 36.805 GC heap after
Heap after GC invocations=24 (full 4):
 def new generation   total 22080K, used 0K [0x03e00000, 0x055f0000, 0x09350000)
  eden space 19648K,   0% used [0x03e00000, 0x03e00000, 0x05130000)
  from space 2432K,   0% used [0x05130000, 0x05130000, 0x05390000)
  to   space 2432K,   0% used [0x05390000, 0x05390000, 0x055f0000)
 tenured generation   total 48980K, used 29387K [0x09350000, 0x0c325000, 0x13e00000)
   the space 48980K,  59% used [0x09350000, 0x0b002cf0, 0x0b002e00, 0x0c325000)
 Metaspace       used 7917K, capacity 8087K, committed 8192K, reserved 8576K
}

