# JRE version: Java(TM) SE Runtime Environment (8.0_77-b03) (build 1.8.0_77-b03)
# Java VM: Java HotSpot(TM) Client VM (25.77-b03 mixed mode, sharing windows-x86 )
Heap:
 def new generation   total 22080K, used 16971K [0x03c00000, 0x053f0000, 0x09150000)
  eden space 19648K,  74% used [0x03c00000, 0x04a32e58, 0x04f30000)
  from space 2432K,  99% used [0x04f30000, 0x0518ffe8, 0x05190000)
  to   space 2432K,   0% used [0x05190000, 0x05190000, 0x053f0000)
 tenured generation   total 48940K, used 32425K [0x09150000, 0x0c11b000, 0x13c00000)
   the space 48940K,  66% used [0x09150000, 0x0b0fa480, 0x0b0fa600, 0x0c11b000)
 Metaspace       used 3833K, capacity 4672K, committed 4736K, reserved 5504K
GC Heap History (10 events):
Event: 31.225 GC heap before
{Heap before GC invocations=20 (full 3):
 def new generation   total 20800K, used 19306K [0x03c00000, 0x05290000, 0x09150000)
  eden space 18496K, 100% used [0x03c00000, 0x04e10000, 0x04e10000)
  from space 2304K,  35% used [0x04e10000, 0x04edab98, 0x05050000)
  to   space 2304K,   0% used [0x05050000, 0x05050000, 0x05290000)
 tenured generation   total 46140K, used 33298K [0x09150000, 0x0be5f000, 0x13c00000)
   the space 46140K,  72% used [0x09150000, 0x0b1d4998, 0x0b1d4a00, 0x0be5f000)
 Metaspace       used 3151K, capacity 4603K, committed 4736K, reserved 5504K
Event: 31.233 GC heap after
Heap after GC invocations=21 (full 3):
 def new generation   total 20800K, used 2304K [0x03c00000, 0x05290000, 0x09150000)
  eden space 18496K,   0% used [0x03c00000, 0x03c00000, 0x04e10000)
  from space 2304K, 100% used [0x05050000, 0x05290000, 0x05290000)
  to   space 2304K,   0% used [0x04e10000, 0x04e10000, 0x05050000)
 tenured generation   total 46140K, used 33992K [0x09150000, 0x0be5f000, 0x13c00000)
   the space 46140K,  73% used [0x09150000, 0x0b282100, 0x0b282200, 0x0be5f000)
 Metaspace       used 3151K, capacity 4603K, committed 4736K, reserved 5504K
}
Event: 34.302 GC heap before
{Heap before GC invocations=21 (full 3):
 def new generation   total 20800K, used 20800K [0x03c00000, 0x05290000, 0x09150000)
  eden space 18496K, 100% used [0x03c00000, 0x04e10000, 0x04e10000)
  from space 2304K, 100% used [0x05050000, 0x05290000, 0x05290000)
  to   space 2304K,   0% used [0x04e10000, 0x04e10000, 0x05050000)
 tenured generation   total 46140K, used 33992K [0x09150000, 0x0be5f000, 0x13c00000)
   the space 46140K,  73% used [0x09150000, 0x0b282100, 0x0b282200, 0x0be5f000)
 Metaspace       used 3800K, capacity 4635K, committed 4736K, reserved 5504K
Event: 34.343 GC heap after
Heap after GC invocations=22 (full 3):
 def new generation   total 20800K, used 2304K [0x03c00000, 0x05290000, 0x09150000)
  eden space 18496K,   0% used [0x03c00000, 0x03c00000, 0x04e10000)
  from space 2304K, 100% used [0x04e10000, 0x05050000, 0x05050000)
  to   space 2304K,   0% used [0x05050000, 0x05050000, 0x05290000)
 tenured generation   total 46140K, used 43932K [0x09150000, 0x0be5f000, 0x13c00000)
   the space 46140K,  95% used [0x09150000, 0x0bc37298, 0x0bc37400, 0x0be5f000)
 Metaspace       used 3800K, capacity 4635K, committed 4736K, reserved 5504K
}
Event: 34.453 GC heap before
{Heap before GC invocations=22 (full 3):
 def new generation   total 20800K, used 20800K [0x03c00000, 0x05290000, 0x09150000)
  eden space 18496K, 100% used [0x03c00000, 0x04e10000, 0x04e10000)
  from space 2304K, 100% used [0x04e10000, 0x05050000, 0x05050000)
  to   space 2304K,   0% used [0x05050000, 0x05050000, 0x05290000)
 tenured generation   total 46140K, used 43932K [0x09150000, 0x0be5f000, 0x13c00000)
   the space 46140K,  95% used [0x09150000, 0x0bc37298, 0x0bc37400, 0x0be5f000)
 Metaspace       used 3800K, capacity 4635K, committed 4736K, reserved 5504K
Event: 34.612 GC heap after
Heap after GC invocations=23 (full 4):
 def new generation   total 22080K, used 0K [0x03c00000, 0x053f0000, 0x09150000)
  eden space 19648K,   0% used [0x03c00000, 0x03c00000, 0x04f30000)
  from space 2432K,   0% used [0x04f30000, 0x04f30000, 0x05190000)
  to   space 2432K,   0% used [0x05190000, 0x05190000, 0x053f0000)
 tenured generation   total 48940K, used 29363K [0x09150000, 0x0c11b000, 0x13c00000)
   the space 48940K,  59% used [0x09150000, 0x0adfcec0, 0x0adfd000, 0x0c11b000)
 Metaspace       used 3796K, capacity 4623K, committed 4736K, reserved 5504K
}
Event: 40.205 GC heap before
{Heap before GC invocations=23 (full 4):
 def new generation   total 22080K, used 19648K [0x03c00000, 0x053f0000, 0x09150000)
  eden space 19648K, 100% used [0x03c00000, 0x04f30000, 0x04f30000)
  from space 2432K,   0% used [0x04f30000, 0x04f30000, 0x05190000)
  to   space 2432K,   0% used [0x05190000, 0x05190000, 0x053f0000)
 tenured generation   total 48940K, used 29363K [0x09150000, 0x0c11b000, 0x13c00000)
   the space 48940K,  59% used [0x09150000, 0x0adfcec0, 0x0adfd000, 0x0c11b000)
 Metaspace       used 3828K, capacity 4670K, committed 4736K, reserved 5504K
Event: 40.212 GC heap after
Heap after GC invocations=24 (full 4):
 def new generation   total 22080K, used 568K [0x03c00000, 0x053f0000, 0x09150000)
  eden space 19648K,   0% used [0x03c00000, 0x03c00000, 0x04f30000)
  from space 2432K,  23% used [0x05190000, 0x0521e0e0, 0x053f0000)
  to   space 2432K,   0% used [0x04f30000, 0x04f30000, 0x05190000)
 tenured generation   total 48940K, used 29363K [0x09150000, 0x0c11b000, 0x13c00000)
   the space 48940K,  59% used [0x09150000, 0x0adfcec0, 0x0adfd000, 0x0c11b000)
 Metaspace       used 3828K, capacity 4670K, committed 4736K, reserved 5504K
}
Event: 125.379 GC heap before
{Heap before GC invocations=24 (full 4):
 def new generation   total 22080K, used 20216K [0x03c00000, 0x053f0000, 0x09150000)
  eden space 19648K, 100% used [0x03c00000, 0x04f30000, 0x04f30000)
  from space 2432K,  23% used [0x05190000, 0x0521e0e0, 0x053f0000)
  to   space 2432K,   0% used [0x04f30000, 0x04f30000, 0x05190000)
 tenured generation   total 48940K, used 29363K [0x09150000, 0x0c11b000, 0x13c00000)
   the space 48940K,  59% used [0x09150000, 0x0adfcec0, 0x0adfd000, 0x0c11b000)
 Metaspace       used 3828K, capacity 4670K, committed 4736K, reserved 5504K
Event: 125.410 GC heap after
Heap after GC invocations=25 (full 4):
 def new generation   total 22080K, used 2431K [0x03c00000, 0x053f0000, 0x09150000)
  eden space 19648K,   0% used [0x03c00000, 0x03c00000, 0x04f30000)
  from space 2432K,  99% used [0x04f30000, 0x0518ffe8, 0x05190000)
  to   space 2432K,   0% used [0x05190000, 0x05190000, 0x053f0000)
 tenured generation   total 48940K, used 32425K [0x09150000, 0x0c11b000, 0x13c00000)
   the space 48940K,  66% used [0x09150000, 0x0b0fa480, 0x0b0fa600, 0x0c11b000)
 Metaspace       used 3828K, capacity 4670K, committed 4736K, reserved 5504K
}

