# JRE version: Java(TM) SE Runtime Environment (8.0_77-b03) (build 1.8.0_77-b03)
# Java VM: Java HotSpot(TM) Client VM (25.77-b03 mixed mode windows-x86 )
Heap:
 def new generation   total 22720K, used 19002K [0x03e00000, 0x056a0000, 0x09350000)
  eden space 20224K,  81% used [0x03e00000, 0x04e1eb68, 0x051c0000)
  from space 2496K, 100% used [0x05430000, 0x056a0000, 0x056a0000)
  to   space 2496K,   0% used [0x051c0000, 0x051c0000, 0x05430000)
 tenured generation   total 50348K, used 31471K [0x09350000, 0x0c47b000, 0x13e00000)
   the space 50348K,  62% used [0x09350000, 0x0b20bc80, 0x0b20be00, 0x0c47b000)
 Metaspace       used 7953K, capacity 8146K, committed 8320K, reserved 8576K
GC Heap History (10 events):
Event: 17.446 GC heap before
{Heap before GC invocations=22 (full 3):
 def new generation   total 13952K, used 13850K [0x03e00000, 0x04d20000, 0x09350000)
  eden space 12416K, 100% used [0x03e00000, 0x04a20000, 0x04a20000)
  from space 1536K,  93% used [0x04ba0000, 0x04d069e0, 0x04d20000)
  to   space 1536K,   0% used [0x04a20000, 0x04a20000, 0x04ba0000)
 tenured generation   total 30928K, used 20181K [0x09350000, 0x0b184000, 0x13e00000)
   the space 30928K,  65% used [0x09350000, 0x0a705470, 0x0a705600, 0x0b184000)
 Metaspace       used 7232K, capacity 7395K, committed 7552K, reserved 7552K
Event: 17.451 GC heap after
Heap after GC invocations=23 (full 3):
 def new generation   total 13952K, used 1237K [0x03e00000, 0x04d20000, 0x09350000)
  eden space 12416K,   0% used [0x03e00000, 0x03e00000, 0x04a20000)
  from space 1536K,  80% used [0x04a20000, 0x04b55690, 0x04ba0000)
  to   space 1536K,   0% used [0x04ba0000, 0x04ba0000, 0x04d20000)
 tenured generation   total 30928K, used 20813K [0x09350000, 0x0b184000, 0x13e00000)
   the space 30928K,  67% used [0x09350000, 0x0a7a3408, 0x0a7a3600, 0x0b184000)
 Metaspace       used 7232K, capacity 7395K, committed 7552K, reserved 7552K
}
Event: 17.675 GC heap before
{Heap before GC invocations=23 (full 3):
 def new generation   total 13952K, used 13653K [0x03e00000, 0x04d20000, 0x09350000)
  eden space 12416K, 100% used [0x03e00000, 0x04a20000, 0x04a20000)
  from space 1536K,  80% used [0x04a20000, 0x04b55690, 0x04ba0000)
  to   space 1536K,   0% used [0x04ba0000, 0x04ba0000, 0x04d20000)
 tenured generation   total 30928K, used 20813K [0x09350000, 0x0b184000, 0x13e00000)
   the space 30928K,  67% used [0x09350000, 0x0a7a3408, 0x0a7a3600, 0x0b184000)
 Metaspace       used 7234K, capacity 7395K, committed 7552K, reserved 7552K
Event: 17.683 GC heap after
Heap after GC invocations=24 (full 3):
 def new generation   total 13952K, used 1536K [0x03e00000, 0x04d20000, 0x09350000)
  eden space 12416K,   0% used [0x03e00000, 0x03e00000, 0x04a20000)
  from space 1536K, 100% used [0x04ba0000, 0x04d20000, 0x04d20000)
  to   space 1536K,   0% used [0x04a20000, 0x04a20000, 0x04ba0000)
 tenured generation   total 30928K, used 22396K [0x09350000, 0x0b184000, 0x13e00000)
   the space 30928K,  72% used [0x09350000, 0x0a92f228, 0x0a92f400, 0x0b184000)
 Metaspace       used 7234K, capacity 7395K, committed 7552K, reserved 7552K
}
Event: 18.040 GC heap before
{Heap before GC invocations=24 (full 3):
 def new generation   total 13952K, used 13952K [0x03e00000, 0x04d20000, 0x09350000)
  eden space 12416K, 100% used [0x03e00000, 0x04a20000, 0x04a20000)
  from space 1536K, 100% used [0x04ba0000, 0x04d20000, 0x04d20000)
  to   space 1536K,   0% used [0x04a20000, 0x04a20000, 0x04ba0000)
 tenured generation   total 30928K, used 22396K [0x09350000, 0x0b184000, 0x13e00000)
   the space 30928K,  72% used [0x09350000, 0x0a92f228, 0x0a92f400, 0x0b184000)
 Metaspace       used 7912K, capacity 8067K, committed 8192K, reserved 8576K
Event: 18.060 GC heap after
Heap after GC invocations=25 (full 3):
 def new generation   total 13952K, used 1536K [0x03e00000, 0x04d20000, 0x09350000)
  eden space 12416K,   0% used [0x03e00000, 0x03e00000, 0x04a20000)
  from space 1536K, 100% used [0x04a20000, 0x04ba0000, 0x04ba0000)
  to   space 1536K,   0% used [0x04ba0000, 0x04ba0000, 0x04d20000)
 tenured generation   total 30928K, used 28529K [0x09350000, 0x0b184000, 0x13e00000)
   the space 30928K,  92% used [0x09350000, 0x0af2c448, 0x0af2c600, 0x0b184000)
 Metaspace       used 7912K, capacity 8067K, committed 8192K, reserved 8576K
}
Event: 18.170 GC heap before
{Heap before GC invocations=25 (full 3):
 def new generation   total 13952K, used 13942K [0x03e00000, 0x04d20000, 0x09350000)
  eden space 12416K,  99% used [0x03e00000, 0x04a1d890, 0x04a20000)
  from space 1536K, 100% used [0x04a20000, 0x04ba0000, 0x04ba0000)
  to   space 1536K,   0% used [0x04ba0000, 0x04ba0000, 0x04d20000)
 tenured generation   total 30928K, used 28529K [0x09350000, 0x0b184000, 0x13e00000)
   the space 30928K,  92% used [0x09350000, 0x0af2c448, 0x0af2c600, 0x0b184000)
 Metaspace       used 7917K, capacity 8067K, committed 8192K, reserved 8576K
Event: 18.333 GC heap after
Heap after GC invocations=26 (full 4):
 def new generation   total 22720K, used 0K [0x03e00000, 0x056a0000, 0x09350000)
  eden space 20224K,   0% used [0x03e00000, 0x03e00000, 0x051c0000)
  from space 2496K,   0% used [0x051c0000, 0x051c0000, 0x05430000)
  to   space 2496K,   0% used [0x05430000, 0x05430000, 0x056a0000)
 tenured generation   total 50348K, used 30207K [0x09350000, 0x0c47b000, 0x13e00000)
   the space 50348K,  59% used [0x09350000, 0x0b0cffc0, 0x0b0d0000, 0x0c47b000)
 Metaspace       used 7917K, capacity 8067K, committed 8192K, reserved 8576K
}
Event: 18.455 GC heap before
{Heap before GC invocations=26 (full 4):
 def new generation   total 22720K, used 20224K [0x03e00000, 0x056a0000, 0x09350000)
  eden space 20224K, 100% used [0x03e00000, 0x051c0000, 0x051c0000)
  from space 2496K,   0% used [0x051c0000, 0x051c0000, 0x05430000)
  to   space 2496K,   0% used [0x05430000, 0x05430000, 0x056a0000)
 tenured generation   total 50348K, used 30207K [0x09350000, 0x0c47b000, 0x13e00000)
   the space 50348K,  59% used [0x09350000, 0x0b0cffc0, 0x0b0d0000, 0x0c47b000)
 Metaspace       used 7917K, capacity 8067K, committed 8192K, reserved 8576K
Event: 18.472 GC heap after
Heap after GC invocations=27 (full 4):
 def new generation   total 22720K, used 2496K [0x03e00000, 0x056a0000, 0x09350000)
  eden space 20224K,   0% used [0x03e00000, 0x03e00000, 0x051c0000)
  from space 2496K, 100% used [0x05430000, 0x056a0000, 0x056a0000)
  to   space 2496K,   0% used [0x051c0000, 0x051c0000, 0x05430000)
 tenured generation   total 50348K, used 31471K [0x09350000, 0x0c47b000, 0x13e00000)
   the space 50348K,  62% used [0x09350000, 0x0b20bc80, 0x0b20be00, 0x0c47b000)
 Metaspace       used 7917K, capacity 8067K, committed 8192K, reserved 8576K
}

