# JRE version: Java(TM) SE Runtime Environment (8.0_77-b03) (build 1.8.0_77-b03)
# Java VM: Java HotSpot(TM) Client VM (25.77-b03 mixed mode, sharing windows-x86 )
Heap:
 def new generation   total 21056K, used 5720K [0x03a00000, 0x050d0000, 0x08f50000)
  eden space 18752K,  26% used [0x03a00000, 0x03ec37e0, 0x04c50000)
  from space 2304K,  36% used [0x04c50000, 0x04d228e8, 0x04e90000)
  to   space 2304K,   0% used [0x04e90000, 0x04e90000, 0x050d0000)
 tenured generation   total 46680K, used 28006K [0x08f50000, 0x0bce6000, 0x13a00000)
   the space 46680K,  59% used [0x08f50000, 0x0aaa9920, 0x0aaa9a00, 0x0bce6000)
 Metaspace       used 3833K, capacity 4675K, committed 4736K, reserved 5504K
GC Heap History (10 events):
Event: 58.648 GC heap before
{Heap before GC invocations=23 (full 3):
 def new generation   total 13504K, used 12957K [0x03a00000, 0x048a0000, 0x08f50000)
  eden space 12032K, 100% used [0x03a00000, 0x045c0000, 0x045c0000)
  from space 1472K,  62% used [0x045c0000, 0x046a76b8, 0x04730000)
  to   space 1472K,   0% used [0x04730000, 0x04730000, 0x048a0000)
 tenured generation   total 29924K, used 22562K [0x08f50000, 0x0ac89000, 0x13a00000)
   the space 29924K,  75% used [0x08f50000, 0x0a558a28, 0x0a558c00, 0x0ac89000)
 Metaspace       used 3147K, capacity 4593K, committed 4608K, reserved 5504K
Event: 58.658 GC heap after
Heap after GC invocations=24 (full 3):
 def new generation   total 13504K, used 1472K [0x03a00000, 0x048a0000, 0x08f50000)
  eden space 12032K,   0% used [0x03a00000, 0x03a00000, 0x045c0000)
  from space 1472K, 100% used [0x04730000, 0x048a0000, 0x048a0000)
  to   space 1472K,   0% used [0x045c0000, 0x045c0000, 0x04730000)
 tenured generation   total 29924K, used 24218K [0x08f50000, 0x0ac89000, 0x13a00000)
   the space 29924K,  80% used [0x08f50000, 0x0a6f69a0, 0x0a6f6a00, 0x0ac89000)
 Metaspace       used 3147K, capacity 4593K, committed 4608K, reserved 5504K
}
Event: 60.401 GC heap before
{Heap before GC invocations=24 (full 3):
 def new generation   total 13504K, used 13504K [0x03a00000, 0x048a0000, 0x08f50000)
  eden space 12032K, 100% used [0x03a00000, 0x045c0000, 0x045c0000)
  from space 1472K, 100% used [0x04730000, 0x048a0000, 0x048a0000)
  to   space 1472K,   0% used [0x045c0000, 0x045c0000, 0x04730000)
 tenured generation   total 29924K, used 24218K [0x08f50000, 0x0ac89000, 0x13a00000)
   the space 29924K,  80% used [0x08f50000, 0x0a6f69a0, 0x0a6f6a00, 0x0ac89000)
 Metaspace       used 3744K, capacity 4625K, committed 4736K, reserved 5504K
Event: 60.410 GC heap after
Heap after GC invocations=25 (full 3):
 def new generation   total 13504K, used 1472K [0x03a00000, 0x048a0000, 0x08f50000)
  eden space 12032K,   0% used [0x03a00000, 0x03a00000, 0x045c0000)
  from space 1472K, 100% used [0x045c0000, 0x04730000, 0x04730000)
  to   space 1472K,   0% used [0x04730000, 0x04730000, 0x048a0000)
 tenured generation   total 29924K, used 25422K [0x08f50000, 0x0ac89000, 0x13a00000)
   the space 29924K,  84% used [0x08f50000, 0x0a8239d0, 0x0a823a00, 0x0ac89000)
 Metaspace       used 3744K, capacity 4625K, committed 4736K, reserved 5504K
}
Event: 60.673 GC heap before
{Heap before GC invocations=25 (full 3):
 def new generation   total 13504K, used 13504K [0x03a00000, 0x048a0000, 0x08f50000)
  eden space 12032K, 100% used [0x03a00000, 0x045c0000, 0x045c0000)
  from space 1472K, 100% used [0x045c0000, 0x04730000, 0x04730000)
  to   space 1472K,   0% used [0x04730000, 0x04730000, 0x048a0000)
 tenured generation   total 29924K, used 25422K [0x08f50000, 0x0ac89000, 0x13a00000)
   the space 29924K,  84% used [0x08f50000, 0x0a8239d0, 0x0a823a00, 0x0ac89000)
 Metaspace       used 3795K, capacity 4625K, committed 4736K, reserved 5504K
Event: 60.820 GC heap after
Heap after GC invocations=26 (full 4):
 def new generation   total 21056K, used 0K [0x03a00000, 0x050d0000, 0x08f50000)
  eden space 18752K,   0% used [0x03a00000, 0x03a00000, 0x04c50000)
  from space 2304K,   0% used [0x04c50000, 0x04c50000, 0x04e90000)
  to   space 2304K,   0% used [0x04e90000, 0x04e90000, 0x050d0000)
 tenured generation   total 46680K, used 28006K [0x08f50000, 0x0bce6000, 0x13a00000)
   the space 46680K,  59% used [0x08f50000, 0x0aaa9920, 0x0aaa9a00, 0x0bce6000)
 Metaspace       used 3795K, capacity 4625K, committed 4736K, reserved 5504K
}
Event: 60.984 GC heap before
{Heap before GC invocations=26 (full 4):
 def new generation   total 21056K, used 18752K [0x03a00000, 0x050d0000, 0x08f50000)
  eden space 18752K, 100% used [0x03a00000, 0x04c50000, 0x04c50000)
  from space 2304K,   0% used [0x04c50000, 0x04c50000, 0x04e90000)
  to   space 2304K,   0% used [0x04e90000, 0x04e90000, 0x050d0000)
 tenured generation   total 46680K, used 28006K [0x08f50000, 0x0bce6000, 0x13a00000)
   the space 46680K,  59% used [0x08f50000, 0x0aaa9920, 0x0aaa9a00, 0x0bce6000)
 Metaspace       used 3796K, capacity 4625K, committed 4736K, reserved 5504K
Event: 60.988 GC heap after
Heap after GC invocations=27 (full 4):
 def new generation   total 21056K, used 796K [0x03a00000, 0x050d0000, 0x08f50000)
  eden space 18752K,   0% used [0x03a00000, 0x03a00000, 0x04c50000)
  from space 2304K,  34% used [0x04e90000, 0x04f57340, 0x050d0000)
  to   space 2304K,   0% used [0x04c50000, 0x04c50000, 0x04e90000)
 tenured generation   total 46680K, used 28006K [0x08f50000, 0x0bce6000, 0x13a00000)
   the space 46680K,  59% used [0x08f50000, 0x0aaa9920, 0x0aaa9a00, 0x0bce6000)
 Metaspace       used 3796K, capacity 4625K, committed 4736K, reserved 5504K
}
Event: 61.074 GC heap before
{Heap before GC invocations=27 (full 4):
 def new generation   total 21056K, used 19548K [0x03a00000, 0x050d0000, 0x08f50000)
  eden space 18752K, 100% used [0x03a00000, 0x04c50000, 0x04c50000)
  from space 2304K,  34% used [0x04e90000, 0x04f57340, 0x050d0000)
  to   space 2304K,   0% used [0x04c50000, 0x04c50000, 0x04e90000)
 tenured generation   total 46680K, used 28006K [0x08f50000, 0x0bce6000, 0x13a00000)
   the space 46680K,  59% used [0x08f50000, 0x0aaa9920, 0x0aaa9a00, 0x0bce6000)
 Metaspace       used 3796K, capacity 4625K, committed 4736K, reserved 5504K
Event: 61.079 GC heap after
Heap after GC invocations=28 (full 4):
 def new generation   total 21056K, used 842K [0x03a00000, 0x050d0000, 0x08f50000)
  eden space 18752K,   0% used [0x03a00000, 0x03a00000, 0x04c50000)
  from space 2304K,  36% used [0x04c50000, 0x04d228e8, 0x04e90000)
  to   space 2304K,   0% used [0x04e90000, 0x04e90000, 0x050d0000)
 tenured generation   total 46680K, used 28006K [0x08f50000, 0x0bce6000, 0x13a00000)
   the space 46680K,  59% used [0x08f50000, 0x0aaa9920, 0x0aaa9a00, 0x0bce6000)
 Metaspace       used 3796K, capacity 4625K, committed 4736K, reserved 5504K
}

