# JRE version: Java(TM) SE Runtime Environment (8.0_77-b03) (build 1.8.0_77-b03)
# Java VM: Java HotSpot(TM) Client VM (25.77-b03 mixed mode, sharing windows-x86 )
Heap:
 def new generation   total 21312K, used 14638K [0x03a00000, 0x05120000, 0x08f50000)
  eden space 18944K,  73% used [0x03a00000, 0x047a03e8, 0x04c80000)
  from space 2368K,  28% used [0x04c80000, 0x04d2b698, 0x04ed0000)
  to   space 2368K,   0% used [0x04ed0000, 0x04ed0000, 0x05120000)
 tenured generation   total 47324K, used 29321K [0x08f50000, 0x0bd87000, 0x13a00000)
   the space 47324K,  61% used [0x08f50000, 0x0abf2758, 0x0abf2800, 0x0bd87000)
 Metaspace       used 3833K, capacity 4675K, committed 4736K, reserved 5504K
GC Heap History (10 events):
Event: 65.518 GC heap before
{Heap before GC invocations=23 (full 3):
 def new generation   total 13568K, used 12684K [0x03a00000, 0x048b0000, 0x08f50000)
  eden space 12096K, 100% used [0x03a00000, 0x045d0000, 0x045d0000)
  from space 1472K,  39% used [0x045d0000, 0x04663190, 0x04740000)
  to   space 1472K,   0% used [0x04740000, 0x04740000, 0x048b0000)
 tenured generation   total 30008K, used 22596K [0x08f50000, 0x0ac9e000, 0x13a00000)
   the space 30008K,  75% used [0x08f50000, 0x0a561078, 0x0a561200, 0x0ac9e000)
 Metaspace       used 3147K, capacity 4593K, committed 4608K, reserved 5504K
Event: 65.530 GC heap after
Heap after GC invocations=24 (full 3):
 def new generation   total 13568K, used 1472K [0x03a00000, 0x048b0000, 0x08f50000)
  eden space 12096K,   0% used [0x03a00000, 0x03a00000, 0x045d0000)
  from space 1472K, 100% used [0x04740000, 0x048b0000, 0x048b0000)
  to   space 1472K,   0% used [0x045d0000, 0x045d0000, 0x04740000)
 tenured generation   total 30008K, used 24716K [0x08f50000, 0x0ac9e000, 0x13a00000)
   the space 30008K,  82% used [0x08f50000, 0x0a7730a8, 0x0a773200, 0x0ac9e000)
 Metaspace       used 3147K, capacity 4593K, committed 4608K, reserved 5504K
}
Event: 66.553 GC heap before
{Heap before GC invocations=24 (full 3):
 def new generation   total 13568K, used 13568K [0x03a00000, 0x048b0000, 0x08f50000)
  eden space 12096K, 100% used [0x03a00000, 0x045d0000, 0x045d0000)
  from space 1472K, 100% used [0x04740000, 0x048b0000, 0x048b0000)
  to   space 1472K,   0% used [0x045d0000, 0x045d0000, 0x04740000)
 tenured generation   total 30008K, used 24716K [0x08f50000, 0x0ac9e000, 0x13a00000)
   the space 30008K,  82% used [0x08f50000, 0x0a7730a8, 0x0a773200, 0x0ac9e000)
 Metaspace       used 3744K, capacity 4625K, committed 4736K, reserved 5504K
Event: 66.564 GC heap after
Heap after GC invocations=25 (full 3):
 def new generation   total 13568K, used 1472K [0x03a00000, 0x048b0000, 0x08f50000)
  eden space 12096K,   0% used [0x03a00000, 0x03a00000, 0x045d0000)
  from space 1472K, 100% used [0x045d0000, 0x04740000, 0x04740000)
  to   space 1472K,   0% used [0x04740000, 0x04740000, 0x048b0000)
 tenured generation   total 30008K, used 26659K [0x08f50000, 0x0ac9e000, 0x13a00000)
   the space 30008K,  88% used [0x08f50000, 0x0a958da8, 0x0a958e00, 0x0ac9e000)
 Metaspace       used 3744K, capacity 4625K, committed 4736K, reserved 5504K
}
Event: 66.782 GC heap before
{Heap before GC invocations=25 (full 3):
 def new generation   total 13568K, used 13568K [0x03a00000, 0x048b0000, 0x08f50000)
  eden space 12096K, 100% used [0x03a00000, 0x045d0000, 0x045d0000)
  from space 1472K, 100% used [0x045d0000, 0x04740000, 0x04740000)
  to   space 1472K,   0% used [0x04740000, 0x04740000, 0x048b0000)
 tenured generation   total 30008K, used 26659K [0x08f50000, 0x0ac9e000, 0x13a00000)
   the space 30008K,  88% used [0x08f50000, 0x0a958da8, 0x0a958e00, 0x0ac9e000)
 Metaspace       used 3795K, capacity 4625K, committed 4736K, reserved 5504K
Event: 66.944 GC heap after
Heap after GC invocations=26 (full 4):
 def new generation   total 21312K, used 0K [0x03a00000, 0x05120000, 0x08f50000)
  eden space 18944K,   0% used [0x03a00000, 0x03a00000, 0x04c80000)
  from space 2368K,   0% used [0x04c80000, 0x04c80000, 0x04ed0000)
  to   space 2368K,   0% used [0x04ed0000, 0x04ed0000, 0x05120000)
 tenured generation   total 47324K, used 28392K [0x08f50000, 0x0bd87000, 0x13a00000)
   the space 47324K,  59% used [0x08f50000, 0x0ab0a3e0, 0x0ab0a400, 0x0bd87000)
 Metaspace       used 3795K, capacity 4625K, committed 4736K, reserved 5504K
}
Event: 67.127 GC heap before
{Heap before GC invocations=26 (full 4):
 def new generation   total 21312K, used 18944K [0x03a00000, 0x05120000, 0x08f50000)
  eden space 18944K, 100% used [0x03a00000, 0x04c80000, 0x04c80000)
  from space 2368K,   0% used [0x04c80000, 0x04c80000, 0x04ed0000)
  to   space 2368K,   0% used [0x04ed0000, 0x04ed0000, 0x05120000)
 tenured generation   total 47324K, used 28392K [0x08f50000, 0x0bd87000, 0x13a00000)
   the space 47324K,  59% used [0x08f50000, 0x0ab0a3e0, 0x0ab0a400, 0x0bd87000)
 Metaspace       used 3796K, capacity 4625K, committed 4736K, reserved 5504K
Event: 67.137 GC heap after
Heap after GC invocations=27 (full 4):
 def new generation   total 21312K, used 1870K [0x03a00000, 0x05120000, 0x08f50000)
  eden space 18944K,   0% used [0x03a00000, 0x03a00000, 0x04c80000)
  from space 2368K,  78% used [0x04ed0000, 0x050a3a50, 0x05120000)
  to   space 2368K,   0% used [0x04c80000, 0x04c80000, 0x04ed0000)
 tenured generation   total 47324K, used 28392K [0x08f50000, 0x0bd87000, 0x13a00000)
   the space 47324K,  59% used [0x08f50000, 0x0ab0a3e0, 0x0ab0a400, 0x0bd87000)
 Metaspace       used 3796K, capacity 4625K, committed 4736K, reserved 5504K
}
Event: 67.232 GC heap before
{Heap before GC invocations=27 (full 4):
 def new generation   total 21312K, used 20805K [0x03a00000, 0x05120000, 0x08f50000)
  eden space 18944K,  99% used [0x03a00000, 0x04c7dd38, 0x04c80000)
  from space 2368K,  78% used [0x04ed0000, 0x050a3a50, 0x05120000)
  to   space 2368K,   0% used [0x04c80000, 0x04c80000, 0x04ed0000)
 tenured generation   total 47324K, used 28392K [0x08f50000, 0x0bd87000, 0x13a00000)
   the space 47324K,  59% used [0x08f50000, 0x0ab0a3e0, 0x0ab0a400, 0x0bd87000)
 Metaspace       used 3796K, capacity 4625K, committed 4736K, reserved 5504K
Event: 67.240 GC heap after
Heap after GC invocations=28 (full 4):
 def new generation   total 21312K, used 685K [0x03a00000, 0x05120000, 0x08f50000)
  eden space 18944K,   0% used [0x03a00000, 0x03a00000, 0x04c80000)
  from space 2368K,  28% used [0x04c80000, 0x04d2b698, 0x04ed0000)
  to   space 2368K,   0% used [0x04ed0000, 0x04ed0000, 0x05120000)
 tenured generation   total 47324K, used 29321K [0x08f50000, 0x0bd87000, 0x13a00000)
   the space 47324K,  61% used [0x08f50000, 0x0abf2758, 0x0abf2800, 0x0bd87000)
 Metaspace       used 3796K, capacity 4625K, committed 4736K, reserved 5504K
}

