# JRE version: Java(TM) SE Runtime Environment (8.0_77-b03) (build 1.8.0_77-b03)
# Java VM: Java HotSpot(TM) Client VM (25.77-b03 mixed mode, sharing windows-x86 )
Heap:
 def new generation   total 21376K, used 3508K [0x03a00000, 0x05130000, 0x08f50000)
  eden space 19008K,   6% used [0x03a00000, 0x03b1d228, 0x04c90000)
  from space 2368K, 100% used [0x04ee0000, 0x05130000, 0x05130000)
  to   space 2368K,   0% used [0x04c90000, 0x04c90000, 0x04ee0000)
 tenured generation   total 47368K, used 31825K [0x08f50000, 0x0bd92000, 0x13a00000)
   the space 47368K,  67% used [0x08f50000, 0x0ae64690, 0x0ae64800, 0x0bd92000)
 Metaspace       used 3833K, capacity 4672K, committed 4736K, reserved 5504K
GC Heap History (10 events):
Event: 28.298 GC heap before
{Heap before GC invocations=24 (full 3):
 def new generation   total 13568K, used 13568K [0x03a00000, 0x048b0000, 0x08f50000)
  eden space 12096K, 100% used [0x03a00000, 0x045d0000, 0x045d0000)
  from space 1472K, 100% used [0x04740000, 0x048b0000, 0x048b0000)
  to   space 1472K,   0% used [0x045d0000, 0x045d0000, 0x04740000)
 tenured generation   total 29976K, used 24473K [0x08f50000, 0x0ac96000, 0x13a00000)
   the space 29976K,  81% used [0x08f50000, 0x0a736780, 0x0a736800, 0x0ac96000)
 Metaspace       used 3744K, capacity 4623K, committed 4736K, reserved 5504K
Event: 28.310 GC heap after
Heap after GC invocations=25 (full 3):
 def new generation   total 13568K, used 1472K [0x03a00000, 0x048b0000, 0x08f50000)
  eden space 12096K,   0% used [0x03a00000, 0x03a00000, 0x045d0000)
  from space 1472K, 100% used [0x045d0000, 0x04740000, 0x04740000)
  to   space 1472K,   0% used [0x04740000, 0x04740000, 0x048b0000)
 tenured generation   total 29976K, used 26434K [0x08f50000, 0x0ac96000, 0x13a00000)
   the space 29976K,  88% used [0x08f50000, 0x0a920ac0, 0x0a920c00, 0x0ac96000)
 Metaspace       used 3744K, capacity 4623K, committed 4736K, reserved 5504K
}
Event: 28.620 GC heap before
{Heap before GC invocations=25 (full 3):
 def new generation   total 13568K, used 13568K [0x03a00000, 0x048b0000, 0x08f50000)
  eden space 12096K, 100% used [0x03a00000, 0x045d0000, 0x045d0000)
  from space 1472K, 100% used [0x045d0000, 0x04740000, 0x04740000)
  to   space 1472K,   0% used [0x04740000, 0x04740000, 0x048b0000)
 tenured generation   total 29976K, used 26434K [0x08f50000, 0x0ac96000, 0x13a00000)
   the space 29976K,  88% used [0x08f50000, 0x0a920ac0, 0x0a920c00, 0x0ac96000)
 Metaspace       used 3795K, capacity 4623K, committed 4736K, reserved 5504K
Event: 28.771 GC heap after
Heap after GC invocations=26 (full 4):
 def new generation   total 21376K, used 0K [0x03a00000, 0x05130000, 0x08f50000)
  eden space 19008K,   0% used [0x03a00000, 0x03a00000, 0x04c90000)
  from space 2368K,   0% used [0x04c90000, 0x04c90000, 0x04ee0000)
  to   space 2368K,   0% used [0x04ee0000, 0x04ee0000, 0x05130000)
 tenured generation   total 47368K, used 28418K [0x08f50000, 0x0bd92000, 0x13a00000)
   the space 47368K,  59% used [0x08f50000, 0x0ab10bb8, 0x0ab10c00, 0x0bd92000)
 Metaspace       used 3795K, capacity 4623K, committed 4736K, reserved 5504K
}
Event: 28.929 GC heap before
{Heap before GC invocations=26 (full 4):
 def new generation   total 21376K, used 19008K [0x03a00000, 0x05130000, 0x08f50000)
  eden space 19008K, 100% used [0x03a00000, 0x04c90000, 0x04c90000)
  from space 2368K,   0% used [0x04c90000, 0x04c90000, 0x04ee0000)
  to   space 2368K,   0% used [0x04ee0000, 0x04ee0000, 0x05130000)
 tenured generation   total 47368K, used 28418K [0x08f50000, 0x0bd92000, 0x13a00000)
   the space 47368K,  59% used [0x08f50000, 0x0ab10bb8, 0x0ab10c00, 0x0bd92000)
 Metaspace       used 3796K, capacity 4623K, committed 4736K, reserved 5504K
Event: 28.939 GC heap after
Heap after GC invocations=27 (full 4):
 def new generation   total 21376K, used 1845K [0x03a00000, 0x05130000, 0x08f50000)
  eden space 19008K,   0% used [0x03a00000, 0x03a00000, 0x04c90000)
  from space 2368K,  77% used [0x04ee0000, 0x050ad558, 0x05130000)
  to   space 2368K,   0% used [0x04c90000, 0x04c90000, 0x04ee0000)
 tenured generation   total 47368K, used 28418K [0x08f50000, 0x0bd92000, 0x13a00000)
   the space 47368K,  59% used [0x08f50000, 0x0ab10bb8, 0x0ab10c00, 0x0bd92000)
 Metaspace       used 3796K, capacity 4623K, committed 4736K, reserved 5504K
}
Event: 29.034 GC heap before
{Heap before GC invocations=27 (full 4):
 def new generation   total 21376K, used 20853K [0x03a00000, 0x05130000, 0x08f50000)
  eden space 19008K, 100% used [0x03a00000, 0x04c90000, 0x04c90000)
  from space 2368K,  77% used [0x04ee0000, 0x050ad558, 0x05130000)
  to   space 2368K,   0% used [0x04c90000, 0x04c90000, 0x04ee0000)
 tenured generation   total 47368K, used 28418K [0x08f50000, 0x0bd92000, 0x13a00000)
   the space 47368K,  59% used [0x08f50000, 0x0ab10bb8, 0x0ab10c00, 0x0bd92000)
 Metaspace       used 3796K, capacity 4623K, committed 4736K, reserved 5504K
Event: 29.041 GC heap after
Heap after GC invocations=28 (full 4):
 def new generation   total 21376K, used 394K [0x03a00000, 0x05130000, 0x08f50000)
  eden space 19008K,   0% used [0x03a00000, 0x03a00000, 0x04c90000)
  from space 2368K,  16% used [0x04c90000, 0x04cf2a48, 0x04ee0000)
  to   space 2368K,   0% used [0x04ee0000, 0x04ee0000, 0x05130000)
 tenured generation   total 47368K, used 29322K [0x08f50000, 0x0bd92000, 0x13a00000)
   the space 47368K,  61% used [0x08f50000, 0x0abf29e8, 0x0abf2a00, 0x0bd92000)
 Metaspace       used 3796K, capacity 4623K, committed 4736K, reserved 5504K
}
Event: 81.449 GC heap before
{Heap before GC invocations=28 (full 4):
 def new generation   total 21376K, used 19402K [0x03a00000, 0x05130000, 0x08f50000)
  eden space 19008K, 100% used [0x03a00000, 0x04c90000, 0x04c90000)
  from space 2368K,  16% used [0x04c90000, 0x04cf2a48, 0x04ee0000)
  to   space 2368K,   0% used [0x04ee0000, 0x04ee0000, 0x05130000)
 tenured generation   total 47368K, used 29322K [0x08f50000, 0x0bd92000, 0x13a00000)
   the space 47368K,  61% used [0x08f50000, 0x0abf29e8, 0x0abf2a00, 0x0bd92000)
 Metaspace       used 3828K, capacity 4670K, committed 4736K, reserved 5504K
Event: 81.487 GC heap after
Heap after GC invocations=29 (full 4):
 def new generation   total 21376K, used 2368K [0x03a00000, 0x05130000, 0x08f50000)
  eden space 19008K,   0% used [0x03a00000, 0x03a00000, 0x04c90000)
  from space 2368K, 100% used [0x04ee0000, 0x05130000, 0x05130000)
  to   space 2368K,   0% used [0x04c90000, 0x04c90000, 0x04ee0000)
 tenured generation   total 47368K, used 31825K [0x08f50000, 0x0bd92000, 0x13a00000)
   the space 47368K,  67% used [0x08f50000, 0x0ae64690, 0x0ae64800, 0x0bd92000)
 Metaspace       used 3828K, capacity 4670K, committed 4736K, reserved 5504K
}

