# JRE version: Java(TM) SE Runtime Environment (8.0_77-b03) (build 1.8.0_77-b03)
# Java VM: Java HotSpot(TM) Client VM (25.77-b03 mixed mode, sharing windows-x86 )
Heap:
 def new generation   total 21376K, used 3159K [0x03800000, 0x04f30000, 0x08d50000)
  eden space 19008K,  14% used [0x03800000, 0x03aa2940, 0x04a90000)
  from space 2368K,  19% used [0x04a90000, 0x04b03340, 0x04ce0000)
  to   space 2368K,   0% used [0x04ce0000, 0x04ce0000, 0x04f30000)
 tenured generation   total 47468K, used 29330K [0x08d50000, 0x0bbab000, 0x13800000)
   the space 47468K,  61% used [0x08d50000, 0x0a9f4ba8, 0x0a9f4c00, 0x0bbab000)
 Metaspace       used 3833K, capacity 4675K, committed 4736K, reserved 5504K
GC Heap History (10 events):
Event: 30.867 GC heap before
{Heap before GC invocations=23 (full 3):
 def new generation   total 13568K, used 12609K [0x03800000, 0x046b0000, 0x08d50000)
  eden space 12096K, 100% used [0x03800000, 0x043d0000, 0x043d0000)
  from space 1472K,  34% used [0x043d0000, 0x044506f0, 0x04540000)
  to   space 1472K,   0% used [0x04540000, 0x04540000, 0x046b0000)
 tenured generation   total 30008K, used 22352K [0x08d50000, 0x0aa9e000, 0x13800000)
   the space 30008K,  74% used [0x08d50000, 0x0a324108, 0x0a324200, 0x0aa9e000)
 Metaspace       used 3147K, capacity 4593K, committed 4608K, reserved 5504K
Event: 30.880 GC heap after
Heap after GC invocations=24 (full 3):
 def new generation   total 13568K, used 1472K [0x03800000, 0x046b0000, 0x08d50000)
  eden space 12096K,   0% used [0x03800000, 0x03800000, 0x043d0000)
  from space 1472K, 100% used [0x04540000, 0x046b0000, 0x046b0000)
  to   space 1472K,   0% used [0x043d0000, 0x043d0000, 0x04540000)
 tenured generation   total 30008K, used 24400K [0x08d50000, 0x0aa9e000, 0x13800000)
   the space 30008K,  81% used [0x08d50000, 0x0a524238, 0x0a524400, 0x0aa9e000)
 Metaspace       used 3147K, capacity 4593K, committed 4608K, reserved 5504K
}
Event: 31.630 GC heap before
{Heap before GC invocations=24 (full 3):
 def new generation   total 13568K, used 13568K [0x03800000, 0x046b0000, 0x08d50000)
  eden space 12096K, 100% used [0x03800000, 0x043d0000, 0x043d0000)
  from space 1472K, 100% used [0x04540000, 0x046b0000, 0x046b0000)
  to   space 1472K,   0% used [0x043d0000, 0x043d0000, 0x04540000)
 tenured generation   total 30008K, used 24400K [0x08d50000, 0x0aa9e000, 0x13800000)
   the space 30008K,  81% used [0x08d50000, 0x0a524238, 0x0a524400, 0x0aa9e000)
 Metaspace       used 3744K, capacity 4625K, committed 4736K, reserved 5504K
Event: 31.640 GC heap after
Heap after GC invocations=25 (full 3):
 def new generation   total 13568K, used 1472K [0x03800000, 0x046b0000, 0x08d50000)
  eden space 12096K,   0% used [0x03800000, 0x03800000, 0x043d0000)
  from space 1472K, 100% used [0x043d0000, 0x04540000, 0x04540000)
  to   space 1472K,   0% used [0x04540000, 0x04540000, 0x046b0000)
 tenured generation   total 30008K, used 26438K [0x08d50000, 0x0aa9e000, 0x13800000)
   the space 30008K,  88% used [0x08d50000, 0x0a721868, 0x0a721a00, 0x0aa9e000)
 Metaspace       used 3744K, capacity 4625K, committed 4736K, reserved 5504K
}
Event: 32.080 GC heap before
{Heap before GC invocations=25 (full 3):
 def new generation   total 13568K, used 13568K [0x03800000, 0x046b0000, 0x08d50000)
  eden space 12096K, 100% used [0x03800000, 0x043d0000, 0x043d0000)
  from space 1472K, 100% used [0x043d0000, 0x04540000, 0x04540000)
  to   space 1472K,   0% used [0x04540000, 0x04540000, 0x046b0000)
 tenured generation   total 30008K, used 26438K [0x08d50000, 0x0aa9e000, 0x13800000)
   the space 30008K,  88% used [0x08d50000, 0x0a721868, 0x0a721a00, 0x0aa9e000)
 Metaspace       used 3795K, capacity 4625K, committed 4736K, reserved 5504K
Event: 32.224 GC heap after
Heap after GC invocations=26 (full 4):
 def new generation   total 21376K, used 0K [0x03800000, 0x04f30000, 0x08d50000)
  eden space 19008K,   0% used [0x03800000, 0x03800000, 0x04a90000)
  from space 2368K,   0% used [0x04a90000, 0x04a90000, 0x04ce0000)
  to   space 2368K,   0% used [0x04ce0000, 0x04ce0000, 0x04f30000)
 tenured generation   total 47468K, used 28478K [0x08d50000, 0x0bbab000, 0x13800000)
   the space 47468K,  59% used [0x08d50000, 0x0a91faf8, 0x0a91fc00, 0x0bbab000)
 Metaspace       used 3795K, capacity 4625K, committed 4736K, reserved 5504K
}
Event: 32.351 GC heap before
{Heap before GC invocations=26 (full 4):
 def new generation   total 21376K, used 19008K [0x03800000, 0x04f30000, 0x08d50000)
  eden space 19008K, 100% used [0x03800000, 0x04a90000, 0x04a90000)
  from space 2368K,   0% used [0x04a90000, 0x04a90000, 0x04ce0000)
  to   space 2368K,   0% used [0x04ce0000, 0x04ce0000, 0x04f30000)
 tenured generation   total 47468K, used 28478K [0x08d50000, 0x0bbab000, 0x13800000)
   the space 47468K,  59% used [0x08d50000, 0x0a91faf8, 0x0a91fc00, 0x0bbab000)
 Metaspace       used 3796K, capacity 4625K, committed 4736K, reserved 5504K
Event: 32.361 GC heap after
Heap after GC invocations=27 (full 4):
 def new generation   total 21376K, used 1794K [0x03800000, 0x04f30000, 0x08d50000)
  eden space 19008K,   0% used [0x03800000, 0x03800000, 0x04a90000)
  from space 2368K,  75% used [0x04ce0000, 0x04ea08d0, 0x04f30000)
  to   space 2368K,   0% used [0x04a90000, 0x04a90000, 0x04ce0000)
 tenured generation   total 47468K, used 28478K [0x08d50000, 0x0bbab000, 0x13800000)
   the space 47468K,  59% used [0x08d50000, 0x0a91faf8, 0x0a91fc00, 0x0bbab000)
 Metaspace       used 3796K, capacity 4625K, committed 4736K, reserved 5504K
}
Event: 32.453 GC heap before
{Heap before GC invocations=27 (full 4):
 def new generation   total 21376K, used 20802K [0x03800000, 0x04f30000, 0x08d50000)
  eden space 19008K, 100% used [0x03800000, 0x04a90000, 0x04a90000)
  from space 2368K,  75% used [0x04ce0000, 0x04ea08d0, 0x04f30000)
  to   space 2368K,   0% used [0x04a90000, 0x04a90000, 0x04ce0000)
 tenured generation   total 47468K, used 28478K [0x08d50000, 0x0bbab000, 0x13800000)
   the space 47468K,  59% used [0x08d50000, 0x0a91faf8, 0x0a91fc00, 0x0bbab000)
 Metaspace       used 3796K, capacity 4625K, committed 4736K, reserved 5504K
Event: 32.459 GC heap after
Heap after GC invocations=28 (full 4):
 def new generation   total 21376K, used 460K [0x03800000, 0x04f30000, 0x08d50000)
  eden space 19008K,   0% used [0x03800000, 0x03800000, 0x04a90000)
  from space 2368K,  19% used [0x04a90000, 0x04b03340, 0x04ce0000)
  to   space 2368K,   0% used [0x04ce0000, 0x04ce0000, 0x04f30000)
 tenured generation   total 47468K, used 29330K [0x08d50000, 0x0bbab000, 0x13800000)
   the space 47468K,  61% used [0x08d50000, 0x0a9f4ba8, 0x0a9f4c00, 0x0bbab000)
 Metaspace       used 3796K, capacity 4625K, committed 4736K, reserved 5504K
}

